<?xml version="1.0" encoding="UTF-8"?>
<!-- Generated by org.testng.reporters.JUnitXMLReporter -->
<testsuite hostname="Haier-PC" ignored="17" name="Command line test" tests="120" failures="1" timestamp="06 Aug 2020 14:07:27 GMT" time="20.42" errors="0">
  <testcase name="GetADAdapterConfiguration" time="0.245" classname="testcases.TestAdapterConfiguration"/>
  <testcase name="GetAWSAdapterConfiguration" time="0.1" classname="testcases.TestAdapterConfiguration"/>
  <testcase name="GetAZUREAdapterConfiguration" time="1.127" classname="testcases.TestAdapterConfiguration"/>
  <testcase name="GetAllAdapters" time="0.077" classname="testcases.TestAdapterConfiguration"/>
  <testcase name="GetADAdapterCount" time="0.085" classname="testcases.TestDashboard"/>
  <testcase name="GetADAssetTypeDistribution" time="0.088" classname="testcases.TestDashboard"/>
  <testcase name="GetAWSAssetTypeDistribution" time="0.088" classname="testcases.TestDashboard"/>
  <testcase name="GetAllAdaptersCount" time="0.094" classname="testcases.TestDashboard"/>
  <testcase name="GetAzureAdapterCount" time="0.131" classname="testcases.TestDashboard"/>
  <testcase name="GetAzureAssetTypeDistribution" time="0.121" classname="testcases.TestDashboard"/>
  <testcase name="GetCloudVSNonCloud" time="0.345" classname="testcases.TestDashboard"/>
  <testcase name="GetOSDistribution" time="0.079" classname="testcases.TestDashboard"/>
  <testcase name="GetTotalUserCount" time="0.081" classname="testcases.TestDashboard"/>
  <testcase name="GetWMICAdapterCount" time="0.111" classname="testcases.TestDashboard"/>
  <testcase name="GetWMICAssetTypeDistribution" time="0.078" classname="testcases.TestDashboard"/>
  <testcase name="DeleteDeviceNote" time="0.216" classname="testcases.TestDeviceDetail"/>
  <testcase name="DeleteDeviceSingleTag" time="0.083" classname="testcases.TestDeviceDetail"/>
  <testcase name="DeleteDiscoveredDevice" time="0.094" classname="testcases.TestDeviceDetail"/>
  <testcase name="GeAdapterDetailsById" time="0.095" classname="testcases.TestDeviceDetail"/>
  <testcase name="GetAllDevices" time="0.079" classname="testcases.TestDeviceDetail"/>
  <testcase name="GetAllTags" time="0.137" classname="testcases.TestDeviceDetail"/>
  <testcase name="GetConnectedHardwareForDevice" time="0.116" classname="testcases.TestDeviceDetail"/>
  <testcase name="GetDeviceAdaptersList" time="0.077" classname="testcases.TestDeviceDetail"/>
  <testcase name="GetDeviceNoteDetailsById" time="0.081" classname="testcases.TestDeviceDetail"/>
  <testcase name="GetDeviceTagDetailsById" time="0.123" classname="testcases.TestDeviceDetail"/>
  <testcase name="GetDevicesDetailsByID" time="0.133" classname="testcases.TestDeviceDetail"/>
  <testcase name="GetDrivesDetailsById" time="0.09" classname="testcases.TestDeviceDetail"/>
  <testcase name="GetGeneralDetailsById" time="0.09" classname="testcases.TestDeviceDetail"/>
  <testcase name="GetInstalledSoftwareDetailsById" time="0.086" classname="testcases.TestDeviceDetail"/>
  <testcase name="GetLoadBalancerRulesForDevice" time="0.073" classname="testcases.TestDeviceDetail"/>
  <testcase name="GetNetworkInterfacesDetailsById" time="0.082" classname="testcases.TestDeviceDetail"/>
  <testcase name="GetOSDetailsById" time="0.075" classname="testcases.TestDeviceDetail"/>
  <testcase name="GetOSPatchesDetailsById" time="0.08" classname="testcases.TestDeviceDetail"/>
  <testcase name="GetRunningProcessesDetailsById" time="0.081" classname="testcases.TestDeviceDetail"/>
  <testcase name="GetSharedFoldersDetailsById" time="0.085" classname="testcases.TestDeviceDetail"/>
  <testcase name="GetUserDetailsById" time="0.09" classname="testcases.TestDeviceDetail"/>
  <testcase name="GetUsersForDevice" time="0.111" classname="testcases.TestDeviceDetail"/>
  <testcase name="PostInsertDeviceNoteNew" time="2.848" classname="testcases.TestDeviceDetail"/>
  <testcase name="PostInsertDeviceTag" time="0.073" classname="testcases.TestDeviceDetail"/>
  <testcase name="PostInsertDeviceTagNew" time="1.176" classname="testcases.TestDeviceDetail"/>
  <testcase name="PostInsertNote" time="0.087" classname="testcases.TestDeviceDetail"/>
  <testcase name="GetActiveMQConnectivity" time="0.121" classname="testcases.TestIntegrationController"/>
  <testcase name="GetLDAPConfiguration" time="0.087" classname="testcases.TestLDAP"/>
  <testcase name="PostADLogin" time="0.179" classname="testcases.TestLDAP"/>
  <testcase name="PostADLoginNew" time="0.231" classname="testcases.TestLDAP"/>
  <testcase name="PostConfigureLDAP" time="0.178" classname="testcases.TestLDAP"/>
  <testcase name="GetActionsPair" time="0.079" classname="testcases.TestPolicyRoutine"/>
  <testcase name="GetPolicyRoutineActions" time="0.069" classname="testcases.TestPolicyRoutine"/>
  <testcase name="GetPolicyRoutineAllData" time="0.099" classname="testcases.TestPolicyRoutine"/>
  <testcase name="GetPolicyRoutineById" time="0.095" classname="testcases.TestPolicyRoutine"/>
  <testcase name="GetPolicyRoutineDeviceActions" time="0.092" classname="testcases.TestPolicyRoutine"/>
  <testcase name="GetPolicyRoutineSummary" time="0.099" classname="testcases.TestPolicyRoutine"/>
  <testcase name="GetPolicyRoutineTable" time="0.131" classname="testcases.TestPolicyRoutine"/>
  <testcase name="GetPolicyRoutineTableWithFilter" time="0.093" classname="testcases.TestPolicyRoutine"/>
  <testcase name="GetPolicyRoutineUserActions" time="0.098" classname="testcases.TestPolicyRoutine"/>
  <testcase name="PostCreatePolicyRoutine" time="1.129" classname="testcases.TestPolicyRoutine"/>
  <testcase name="PostCreatePolicyRoutineNew" time="0.159" classname="testcases.TestPolicyRoutine"/>
  <testcase name="PostEnforcePolicyOnDeviceNew" time="0.109" classname="testcases.TestPolicyRoutine"/>
  <testcase name="PostEnforcePolicyOnUserNew" time="0.127" classname="testcases.TestPolicyRoutine"/>
  <testcase name="PostEnforcePolicyonDevice" time="0.085" classname="testcases.TestPolicyRoutine"/>
  <testcase name="PostEnforcePolicyonUser" time="0.072" classname="testcases.TestPolicyRoutine"/>
  <testcase name="PutPolicyRoutine" time="0.089" classname="testcases.TestPolicyRoutine"/>
  <testcase name="GetANDOperator" time="0.088" classname="testcases.TestQueryWizard"/>
  <testcase name="GetAdapterDetailsQuery" time="0.085" classname="testcases.TestQueryWizard"/>
  <testcase name="GetAllSavedQueries" time="0.097" classname="testcases.TestQueryWizard"/>
  <testcase name="GetAllSavedQueriesNoPaginationDevice" time="0.115" classname="testcases.TestQueryWizard"/>
  <testcase name="GetAllSavedQueriesNoPaginationUser" time="0.088" classname="testcases.TestQueryWizard"/>
  <testcase name="GetContainOperator" time="0.113" classname="testcases.TestQueryWizard"/>
  <testcase name="GetDeviceSavedQueries" time="0.095" classname="testcases.TestQueryWizard"/>
  <testcase name="GetEndWithOperator" time="0.122" classname="testcases.TestQueryWizard"/>
  <testcase name="GetEqualOperator" time="0.101" classname="testcases.TestQueryWizard"/>
  <testcase name="GetExecuteDeviceSavedQuery" time="0.091" classname="testcases.TestQueryWizard"/>
  <testcase name="GetExecuteUserSavedQuery" time="0.074" classname="testcases.TestQueryWizard"/>
  <testcase name="GetExistsOperatorFalse" time="0.114" classname="testcases.TestQueryWizard"/>
  <testcase name="GetExistsOperatorTrue" time="0.115" classname="testcases.TestQueryWizard"/>
  <testcase name="GetInOperator" time="0.084" classname="testcases.TestQueryWizard"/>
  <testcase name="GetNotEqualOperator" time="0.102" classname="testcases.TestQueryWizard"/>
  <testcase name="GetOROperator" time="0.141" classname="testcases.TestQueryWizard"/>
  <testcase name="GetStartWithOperator" time="0.121" classname="testcases.TestQueryWizard"/>
  <testcase name="GetStatementQuery" time="0.076" classname="testcases.TestQueryWizard"/>
  <testcase name="GetUserSavedQueries" time="0.095" classname="testcases.TestQueryWizard"/>
  <testcase name="PostDeviceSaveQuery" time="0.076" classname="testcases.TestQueryWizard"/>
  <testcase name="PostSaveQueryOverWrite" time="0.091" classname="testcases.TestQueryWizard"/>
  <testcase name="PostUserSaveQuery" time="0.086" classname="testcases.TestQueryWizard"/>
  <testcase name="GetAllUserAuditList" time="0.158" classname="testcases.TestUserAuditLogs"/>
  <testcase name="GetAllUsersName" time="0.095" classname="testcases.TestUserAuditLogs"/>
  <testcase name="GetAuditDetail" time="0.24" classname="testcases.TestUserAuditLogs"/>
  <testcase name="GetUserAudit" time="0.193" classname="testcases.TestUserAuditLogs"/>
  <testcase name="GetAllUserTags" time="0.101" classname="testcases.TestUserDetails"/>
  <testcase name="GetAllUsers" time="0.151" classname="testcases.TestUserDetails"/>
  <testcase name="GetGeneralDetails" time="0.071" classname="testcases.TestUserDetails"/>
  <testcase name="GetUserAdaptersList" time="0.069" classname="testcases.TestUserDetails"/>
  <testcase name="GetUserByID" time="0.067" classname="testcases.TestUserDetails"/>
  <testcase name="GetUserNoteById" time="0.099" classname="testcases.TestUserDetails"/>
  <testcase name="GetUserTagById" time="0.179" classname="testcases.TestUserDetails"/>
  <testcase name="GetUsersAdapterData" time="0.106" classname="testcases.TestUserDetails"/>
  <testcase name="PostInsertUserNote" time="0.12" classname="testcases.TestUserDetails"/>
  <testcase name="PostInsertUserNoteNew" time="0.121" classname="testcases.TestUserDetails"/>
  <testcase name="PostInsertUserTag" time="0.084" classname="testcases.TestUserDetails"/>
  <testcase name="PostInsertUserTagNew" time="0.415" classname="testcases.TestUserDetails"/>
  <testcase name="GetAdminUserDetail" time="0.097" classname="testcases.TestUserManagement"/>
  <testcase name="GetAllAdminUser" time="0.092" classname="testcases.TestUserManagement"/>
  <testcase name="GetAllAdminUserName" time="0.119" classname="testcases.TestUserManagement"/>
  <testcase name="GetAllModules" time="0.117" classname="testcases.TestUserManagement"/>
  <testcase name="GetAllPermission" time="0.121" classname="testcases.TestUserManagement"/>
  <testcase name="GetAllRole" time="0.098" classname="testcases.TestUserManagement"/>
  <testcase name="GetPermissionDetails" time="0.076" classname="testcases.TestUserManagement"/>
  <testcase name="GetRoleDetails" time="0.079" classname="testcases.TestUserManagement"/>
  <testcase name="GetRoleModules" time="0.082" classname="testcases.TestUserManagement"/>
  <testcase name="GetRolePermission" time="0.085" classname="testcases.TestUserManagement"/>
  <testcase name="GetUserAdaptersList" time="0.108" classname="testcases.TestUserManagement"/>
  <testcase name="GetUserModules" time="0.086" classname="testcases.TestUserManagement"/>
  <testcase name="PostCreateRole" time="0.077" classname="testcases.TestUserManagement"/>
  <testcase name="PostCreateRoleNew" time="0.111" classname="testcases.TestUserManagement"/>
  <testcase name="PostCreateUser" time="0.237" classname="testcases.TestUserManagement"/>
  <testcase name="PostCreateUserNew" time="0.105" classname="testcases.TestUserManagement">
    <failure type="java.lang.AssertionError" message="
Expected: &amp;lt;200&amp;gt;
     but: was &amp;lt;400&amp;gt;">
      <![CDATA[java.lang.AssertionError: 
Expected: <200>
     but: was <400>
at org.hamcrest.MatcherAssert.assertThat(MatcherAssert.java:20)
at org.hamcrest.MatcherAssert.assertThat(MatcherAssert.java:8)
at testcases.TestUserManagement.PostCreateUserNew(TestUserManagement.java:322)
... Removed 35 stack frames]]>
    </failure>
  </testcase> <!-- PostCreateUserNew -->
  <testcase name="PostLogin" time="0.157" classname="testcases.TestUserManagement"/>
  <testcase name="PostLoginNew" time="0.21" classname="testcases.TestUserManagement"/>
  <testcase name="PutUpdateRole" time="0.093" classname="testcases.TestUserManagement"/>
  <testcase name="PutUpdateRoleNew" time="0.152" classname="testcases.TestUserManagement"/>
  <testcase name="DeleteRole" time="0.0" classname="testcases.TestUserManagement">
    <ignored/>
  </testcase> <!-- DeleteRole -->
  <testcase name="DeleteUserNoteNew" time="0.0" classname="testcases.TestUserDetails">
    <ignored/>
  </testcase> <!-- DeleteUserNoteNew -->
  <testcase name="PostAWSConfiguration" time="0.0" classname="testcases.TestAdapterConfiguration">
    <ignored/>
  </testcase> <!-- PostAWSConfiguration -->
  <testcase name="GetAllDevices1" time="0.0" classname="testcases.TestDeviceDetail">
    <ignored/>
  </testcase> <!-- GetAllDevices1 -->
  <testcase name="PostADConfiguration" time="0.0" classname="testcases.TestAdapterConfiguration">
    <ignored/>
  </testcase> <!-- PostADConfiguration -->
  <testcase name="DeletePermission" time="0.0" classname="testcases.TestUserManagement">
    <ignored/>
  </testcase> <!-- DeletePermission -->
  <testcase name="DeleteUserSingleTag" time="0.0" classname="testcases.TestUserDetails">
    <ignored/>
  </testcase> <!-- DeleteUserSingleTag -->
  <testcase name="GetMongoConnectivity" time="0.0" classname="testcases.TestIntegrationController">
    <ignored/>
  </testcase> <!-- GetMongoConnectivity -->
  <testcase name="PutUpdateAdminUser" time="0.0" classname="testcases.TestUserManagement">
    <ignored/>
  </testcase> <!-- PutUpdateAdminUser -->
  <testcase name="DeleteUserBukTag" time="0.0" classname="testcases.TestUserDetails">
    <ignored/>
  </testcase> <!-- DeleteUserBukTag -->
  <testcase name="DeleteUserNote" time="0.0" classname="testcases.TestUserDetails">
    <ignored/>
  </testcase> <!-- DeleteUserNote -->
  <testcase name="DeleteAdminUser" time="0.0" classname="testcases.TestUserManagement">
    <ignored/>
  </testcase> <!-- DeleteAdminUser -->
  <testcase name="PutUpdatePermission" time="0.0" classname="testcases.TestUserManagement">
    <ignored/>
  </testcase> <!-- PutUpdatePermission -->
  <testcase name="DeletePolicyRoutine" time="0.0" classname="testcases.TestPolicyRoutine">
    <ignored/>
  </testcase> <!-- DeletePolicyRoutine -->
  <testcase name="PostCreatePermission" time="0.0" classname="testcases.TestUserManagement">
    <ignored/>
  </testcase> <!-- PostCreatePermission -->
  <testcase name="DeleteDeviceBukTag" time="0.0" classname="testcases.TestDeviceDetail">
    <ignored/>
  </testcase> <!-- DeleteDeviceBukTag -->
  <testcase name="PostAzureConfiguration" time="0.0" classname="testcases.TestAdapterConfiguration">
    <ignored/>
  </testcase> <!-- PostAzureConfiguration -->
</testsuite> <!-- Command line test -->
