<?xml version="1.0" encoding="UTF-8" ?>
<testsuite tests="120" failures="1" name="TestSuite" time="19.364" errors="0" skipped="0">
  <properties>
[...]
</properties>
  <testcase classname="testcases.TestAdapterConfiguration" name="GetADAdapterConfiguration" time="0.256"/>
  <testcase classname="testcases.TestAdapterConfiguration" name="GetAWSAdapterConfiguration" time="0.1"/>
  <testcase classname="testcases.TestAdapterConfiguration" name="GetAZUREAdapterConfiguration" time="1.127"/>
  <testcase classname="testcases.TestAdapterConfiguration" name="GetAllAdapters" time="0.077"/>
  <testcase classname="testcases.TestDashboard" name="GetADAdapterCount" time="0.082"/>
  <testcase classname="testcases.TestDashboard" name="GetADAssetTypeDistribution" time="0.088"/>
  <testcase classname="testcases.TestDashboard" name="GetAWSAssetTypeDistribution" time="0.085"/>
  <testcase classname="testcases.TestDashboard" name="GetAllAdaptersCount" time="0.094"/>
  <testcase classname="testcases.TestDashboard" name="GetAzureAdapterCount" time="0.153"/>
  <testcase classname="testcases.TestDashboard" name="GetAzureAssetTypeDistribution" time="0.115"/>
  <testcase classname="testcases.TestDashboard" name="GetCloudVSNonCloud" time="0.344"/>
  <testcase classname="testcases.TestDashboard" name="GetOSDistribution" time="0.079"/>
  <testcase classname="testcases.TestDashboard" name="GetTotalUserCount" time="0.081"/>
  <testcase classname="testcases.TestDashboard" name="GetWMICAdapterCount" time="0.111"/>
  <testcase classname="testcases.TestDashboard" name="GetWMICAssetTypeDistribution" time="0.078"/>
  <testcase classname="testcases.TestDeviceDetail" name="DeleteDeviceNote" time="0.208"/>
  <testcase classname="testcases.TestDeviceDetail" name="DeleteDeviceSingleTag" time="0.084"/>
  <testcase classname="testcases.TestDeviceDetail" name="DeleteDiscoveredDevice" time="0.095"/>
  <testcase classname="testcases.TestDeviceDetail" name="GeAdapterDetailsById" time="0.094"/>
  <testcase classname="testcases.TestDeviceDetail" name="GetAllDevices" time="0.079"/>
  <testcase classname="testcases.TestDeviceDetail" name="GetAllTags" time="0.137"/>
  <testcase classname="testcases.TestDeviceDetail" name="GetConnectedHardwareForDevice" time="0.116"/>
  <testcase classname="testcases.TestDeviceDetail" name="GetDeviceAdaptersList" time="0.077"/>
  <testcase classname="testcases.TestDeviceDetail" name="GetDeviceNoteDetailsById" time="0.081"/>
  <testcase classname="testcases.TestDeviceDetail" name="GetDeviceTagDetailsById" time="0.124"/>
  <testcase classname="testcases.TestDeviceDetail" name="GetDevicesDetailsByID" time="0.135"/>
  <testcase classname="testcases.TestDeviceDetail" name="GetDrivesDetailsById" time="0.091"/>
  <testcase classname="testcases.TestDeviceDetail" name="GetGeneralDetailsById" time="0.089"/>
  <testcase classname="testcases.TestDeviceDetail" name="GetInstalledSoftwareDetailsById" time="0.086"/>
  <testcase classname="testcases.TestDeviceDetail" name="GetLoadBalancerRulesForDevice" time="0.071"/>
  <testcase classname="testcases.TestDeviceDetail" name="GetNetworkInterfacesDetailsById" time="0.083"/>
  <testcase classname="testcases.TestDeviceDetail" name="GetOSDetailsById" time="0.074"/>
  <testcase classname="testcases.TestDeviceDetail" name="GetOSPatchesDetailsById" time="0.08"/>
  <testcase classname="testcases.TestDeviceDetail" name="GetRunningProcessesDetailsById" time="0.078"/>
  <testcase classname="testcases.TestDeviceDetail" name="GetSharedFoldersDetailsById" time="0.085"/>
  <testcase classname="testcases.TestDeviceDetail" name="GetUserDetailsById" time="0.089"/>
  <testcase classname="testcases.TestDeviceDetail" name="GetUsersForDevice" time="0.111"/>
  <testcase classname="testcases.TestDeviceDetail" name="PostInsertDeviceNoteNew" time="2.849"/>
  <testcase classname="testcases.TestDeviceDetail" name="PostInsertDeviceTag" time="0.086"/>
  <testcase classname="testcases.TestDeviceDetail" name="PostInsertDeviceTagNew" time="1.168"/>
  <testcase classname="testcases.TestDeviceDetail" name="PostInsertNote" time="0.086"/>
  <testcase classname="testcases.TestIntegrationController" name="GetActiveMQConnectivity" time="0.122"/>
  <testcase classname="testcases.TestLDAP" name="GetLDAPConfiguration" time="0.089"/>
  <testcase classname="testcases.TestLDAP" name="PostADLogin" time="0.18"/>
  <testcase classname="testcases.TestLDAP" name="PostADLoginNew" time="0.227"/>
  <testcase classname="testcases.TestLDAP" name="PostConfigureLDAP" time="0.178"/>
  <testcase classname="testcases.TestPolicyRoutine" name="GetActionsPair" time="0.075"/>
  <testcase classname="testcases.TestPolicyRoutine" name="GetPolicyRoutineActions" time="0.069"/>
  <testcase classname="testcases.TestPolicyRoutine" name="GetPolicyRoutineAllData" time="0.099"/>
  <testcase classname="testcases.TestPolicyRoutine" name="GetPolicyRoutineById" time="0.095"/>
  <testcase classname="testcases.TestPolicyRoutine" name="GetPolicyRoutineDeviceActions" time="0.093"/>
  <testcase classname="testcases.TestPolicyRoutine" name="GetPolicyRoutineSummary" time="0.098"/>
  <testcase classname="testcases.TestPolicyRoutine" name="GetPolicyRoutineTable" time="0.131"/>
  <testcase classname="testcases.TestPolicyRoutine" name="GetPolicyRoutineTableWithFilter" time="0.094"/>
  <testcase classname="testcases.TestPolicyRoutine" name="GetPolicyRoutineUserActions" time="0.097"/>
  <testcase classname="testcases.TestPolicyRoutine" name="PostCreatePolicyRoutine" time="1.129"/>
  <testcase classname="testcases.TestPolicyRoutine" name="PostCreatePolicyRoutineNew" time="0.154"/>
  <testcase classname="testcases.TestPolicyRoutine" name="PostEnforcePolicyOnDeviceNew" time="0.11"/>
  <testcase classname="testcases.TestPolicyRoutine" name="PostEnforcePolicyOnUserNew" time="0.127"/>
  <testcase classname="testcases.TestPolicyRoutine" name="PostEnforcePolicyonDevice" time="0.085"/>
  <testcase classname="testcases.TestPolicyRoutine" name="PostEnforcePolicyonUser" time="0.072"/>
  <testcase classname="testcases.TestPolicyRoutine" name="PutPolicyRoutine" time="0.089"/>
  <testcase classname="testcases.TestQueryWizard" name="GetANDOperator" time="0.088"/>
  <testcase classname="testcases.TestQueryWizard" name="GetAdapterDetailsQuery" time="0.083"/>
  <testcase classname="testcases.TestQueryWizard" name="GetAllSavedQueries" time="0.098"/>
  <testcase classname="testcases.TestQueryWizard" name="GetAllSavedQueriesNoPaginationDevice" time="0.118"/>
  <testcase classname="testcases.TestQueryWizard" name="GetAllSavedQueriesNoPaginationUser" time="0.084"/>
  <testcase classname="testcases.TestQueryWizard" name="GetContainOperator" time="0.114"/>
  <testcase classname="testcases.TestQueryWizard" name="GetDeviceSavedQueries" time="0.097"/>
  <testcase classname="testcases.TestQueryWizard" name="GetEndWithOperator" time="0.122"/>
  <testcase classname="testcases.TestQueryWizard" name="GetEqualOperator" time="0.103"/>
  <testcase classname="testcases.TestQueryWizard" name="GetExecuteDeviceSavedQuery" time="0.088"/>
  <testcase classname="testcases.TestQueryWizard" name="GetExecuteUserSavedQuery" time="0.074"/>
  <testcase classname="testcases.TestQueryWizard" name="GetExistsOperatorFalse" time="0.114"/>
  <testcase classname="testcases.TestQueryWizard" name="GetExistsOperatorTrue" time="0.115"/>
  <testcase classname="testcases.TestQueryWizard" name="GetInOperator" time="0.083"/>
  <testcase classname="testcases.TestQueryWizard" name="GetNotEqualOperator" time="0.096"/>
  <testcase classname="testcases.TestQueryWizard" name="GetOROperator" time="0.142"/>
  <testcase classname="testcases.TestQueryWizard" name="GetStartWithOperator" time="0.118"/>
  <testcase classname="testcases.TestQueryWizard" name="GetStatementQuery" time="0.076"/>
  <testcase classname="testcases.TestQueryWizard" name="GetUserSavedQueries" time="0.095"/>
  <testcase classname="testcases.TestQueryWizard" name="PostDeviceSaveQuery" time="0.075"/>
  <testcase classname="testcases.TestQueryWizard" name="PostSaveQueryOverWrite" time="0.093"/>
  <testcase classname="testcases.TestQueryWizard" name="PostUserSaveQuery" time="0.091"/>
  <testcase classname="testcases.TestUserAuditLogs" name="GetAllUserAuditList" time="0.157"/>
  <testcase classname="testcases.TestUserAuditLogs" name="GetAllUsersName" time="0.092"/>
  <testcase classname="testcases.TestUserAuditLogs" name="GetAuditDetail" time="0.24"/>
  <testcase classname="testcases.TestUserAuditLogs" name="GetUserAudit" time="0.19"/>
  <testcase classname="testcases.TestUserDetails" name="GetAllUserTags" time="0.101"/>
  <testcase classname="testcases.TestUserDetails" name="GetAllUsers" time="0.151"/>
  <testcase classname="testcases.TestUserDetails" name="GetGeneralDetails" time="0.072"/>
  <testcase classname="testcases.TestUserDetails" name="GetUserAdaptersList" time="0.067"/>
  <testcase classname="testcases.TestUserDetails" name="GetUserByID" time="0.065"/>
  <testcase classname="testcases.TestUserDetails" name="GetUserNoteById" time="0.098"/>
  <testcase classname="testcases.TestUserDetails" name="GetUserTagById" time="0.178"/>
  <testcase classname="testcases.TestUserDetails" name="GetUsersAdapterData" time="0.106"/>
  <testcase classname="testcases.TestUserDetails" name="PostInsertUserNote" time="0.117"/>
  <testcase classname="testcases.TestUserDetails" name="PostInsertUserNoteNew" time="0.12"/>
  <testcase classname="testcases.TestUserDetails" name="PostInsertUserTag" time="0.083"/>
  <testcase classname="testcases.TestUserDetails" name="PostInsertUserTagNew" time="0.416"/>
  <testcase classname="testcases.TestUserManagement" name="GetAdminUserDetail" time="0.094"/>
  <testcase classname="testcases.TestUserManagement" name="GetAllAdminUser" time="0.091"/>
  <testcase classname="testcases.TestUserManagement" name="GetAllAdminUserName" time="0.118"/>
  <testcase classname="testcases.TestUserManagement" name="GetAllModules" time="0.119"/>
  <testcase classname="testcases.TestUserManagement" name="GetAllPermission" time="0.118"/>
  <testcase classname="testcases.TestUserManagement" name="GetAllRole" time="0.097"/>
  <testcase classname="testcases.TestUserManagement" name="GetPermissionDetails" time="0.08"/>
  <testcase classname="testcases.TestUserManagement" name="GetRoleDetails" time="0.078"/>
  <testcase classname="testcases.TestUserManagement" name="GetRoleModules" time="0.083"/>
  <testcase classname="testcases.TestUserManagement" name="GetRolePermission" time="0.083"/>
  <testcase classname="testcases.TestUserManagement" name="GetUserAdaptersList" time="0.109"/>
  <testcase classname="testcases.TestUserManagement" name="GetUserModules" time="0.082"/>
  <testcase classname="testcases.TestUserManagement" name="PostCreateRole" time="0.077"/>
  <testcase classname="testcases.TestUserManagement" name="PostCreateRoleNew" time="0.11"/>
  <testcase classname="testcases.TestUserManagement" name="PostCreateUser" time="0.237"/>
  <testcase classname="testcases.TestUserManagement" name="PostCreateUserNew" time="0.121">
    <failure message="
Expected: &lt;200&gt;
     but: was &lt;400&gt;" type="java.lang.AssertionError">java.lang.AssertionError: 
Expected: &lt;200&gt;
     but: was &lt;400&gt;
	at org.hamcrest.MatcherAssert.assertThat(MatcherAssert.java:20)
	at org.hamcrest.MatcherAssert.assertThat(MatcherAssert.java:8)
	at testcases.TestUserManagement.PostCreateUserNew(TestUserManagement.java:322)
</failure>
  </testcase>
  <testcase classname="testcases.TestUserManagement" name="PostLogin" time="0.157"/>
  <testcase classname="testcases.TestUserManagement" name="PostLoginNew" time="0.211"/>
  <testcase classname="testcases.TestUserManagement" name="PutUpdateRole" time="0.091"/>
  <testcase classname="testcases.TestUserManagement" name="PutUpdateRoleNew" time="0.149"/>
</testsuite>