<?xml version="1.0" encoding="UTF-8"?>
<testng-results skipped="0" failed="1" ignored="17" total="137" passed="119">
  <reporter-output>
  </reporter-output>
  <suite name="Command line suite" duration-ms="20420" started-at="2020-08-06T14:07:07Z" finished-at="2020-08-06T14:07:27Z">
    <groups>
    </groups>
    <test name="Command line test" duration-ms="20420" started-at="2020-08-06T14:07:07Z" finished-at="2020-08-06T14:07:27Z">
      <class name="testcases.TestIntegrationController">
        <test-method status="PASS" signature="setup()[pri:0, instance:testcases.TestIntegrationController@3c19aaa5]" name="setup" is-config="true" duration-ms="3" started-at="2020-08-06T14:07:17Z" finished-at="2020-08-06T14:07:17Z">
          <reporter-output>
          </reporter-output>
        </test-method> <!-- setup -->
        <test-method status="PASS" signature="GetActiveMQConnectivity()[pri:0, instance:testcases.TestIntegrationController@3c19aaa5]" name="GetActiveMQConnectivity" duration-ms="121" started-at="2020-08-06T14:07:17Z" finished-at="2020-08-06T14:07:17Z">
          <reporter-output>
          </reporter-output>
        </test-method> <!-- GetActiveMQConnectivity -->
        <test-method status="PASS" signature="closeResources()[pri:0, instance:testcases.TestIntegrationController@3c19aaa5]" name="closeResources" is-config="true" duration-ms="1" started-at="2020-08-06T14:07:17Z" finished-at="2020-08-06T14:07:17Z">
          <reporter-output>
          </reporter-output>
        </test-method> <!-- closeResources -->
      </class> <!-- testcases.TestIntegrationController -->
      <class name="testcases.TestQueryWizard">
        <test-method status="PASS" signature="setup()[pri:0, instance:testcases.TestQueryWizard@38d8f54a]" name="setup" is-config="true" duration-ms="5" started-at="2020-08-06T14:07:20Z" finished-at="2020-08-06T14:07:20Z">
          <reporter-output>
          </reporter-output>
        </test-method> <!-- setup -->
        <test-method status="PASS" signature="GetANDOperator()[pri:0, instance:testcases.TestQueryWizard@38d8f54a]" name="GetANDOperator" duration-ms="88" started-at="2020-08-06T14:07:20Z" finished-at="2020-08-06T14:07:20Z">
          <reporter-output>
          </reporter-output>
        </test-method> <!-- GetANDOperator -->
        <test-method status="PASS" signature="closeResources()[pri:0, instance:testcases.TestQueryWizard@38d8f54a]" name="closeResources" is-config="true" duration-ms="1" started-at="2020-08-06T14:07:20Z" finished-at="2020-08-06T14:07:20Z">
          <reporter-output>
          </reporter-output>
        </test-method> <!-- closeResources -->
        <test-method status="PASS" signature="setup()[pri:0, instance:testcases.TestQueryWizard@38d8f54a]" name="setup" is-config="true" duration-ms="5" started-at="2020-08-06T14:07:20Z" finished-at="2020-08-06T14:07:20Z">
          <reporter-output>
          </reporter-output>
        </test-method> <!-- setup -->
        <test-method status="PASS" signature="GetAdapterDetailsQuery()[pri:0, instance:testcases.TestQueryWizard@38d8f54a]" name="GetAdapterDetailsQuery" duration-ms="85" started-at="2020-08-06T14:07:20Z" finished-at="2020-08-06T14:07:20Z">
          <reporter-output>
          </reporter-output>
        </test-method> <!-- GetAdapterDetailsQuery -->
        <test-method status="PASS" signature="closeResources()[pri:0, instance:testcases.TestQueryWizard@38d8f54a]" name="closeResources" is-config="true" duration-ms="1" started-at="2020-08-06T14:07:20Z" finished-at="2020-08-06T14:07:20Z">
          <reporter-output>
          </reporter-output>
        </test-method> <!-- closeResources -->
        <test-method status="PASS" signature="setup()[pri:0, instance:testcases.TestQueryWizard@38d8f54a]" name="setup" is-config="true" duration-ms="2" started-at="2020-08-06T14:07:20Z" finished-at="2020-08-06T14:07:20Z">
          <reporter-output>
          </reporter-output>
        </test-method> <!-- setup -->
        <test-method status="PASS" signature="GetAllSavedQueries()[pri:0, instance:testcases.TestQueryWizard@38d8f54a]" name="GetAllSavedQueries" duration-ms="97" started-at="2020-08-06T14:07:20Z" finished-at="2020-08-06T14:07:20Z">
          <reporter-output>
          </reporter-output>
        </test-method> <!-- GetAllSavedQueries -->
        <test-method status="PASS" signature="closeResources()[pri:0, instance:testcases.TestQueryWizard@38d8f54a]" name="closeResources" is-config="true" duration-ms="1" started-at="2020-08-06T14:07:20Z" finished-at="2020-08-06T14:07:20Z">
          <reporter-output>
          </reporter-output>
        </test-method> <!-- closeResources -->
        <test-method status="PASS" signature="setup()[pri:0, instance:testcases.TestQueryWizard@38d8f54a]" name="setup" is-config="true" duration-ms="4" started-at="2020-08-06T14:07:20Z" finished-at="2020-08-06T14:07:20Z">
          <reporter-output>
          </reporter-output>
        </test-method> <!-- setup -->
        <test-method status="PASS" signature="GetAllSavedQueriesNoPaginationDevice()[pri:0, instance:testcases.TestQueryWizard@38d8f54a]" name="GetAllSavedQueriesNoPaginationDevice" duration-ms="115" started-at="2020-08-06T14:07:20Z" finished-at="2020-08-06T14:07:21Z">
          <reporter-output>
          </reporter-output>
        </test-method> <!-- GetAllSavedQueriesNoPaginationDevice -->
        <test-method status="PASS" signature="closeResources()[pri:0, instance:testcases.TestQueryWizard@38d8f54a]" name="closeResources" is-config="true" duration-ms="2" started-at="2020-08-06T14:07:21Z" finished-at="2020-08-06T14:07:21Z">
          <reporter-output>
          </reporter-output>
        </test-method> <!-- closeResources -->
        <test-method status="PASS" signature="setup()[pri:0, instance:testcases.TestQueryWizard@38d8f54a]" name="setup" is-config="true" duration-ms="6" started-at="2020-08-06T14:07:21Z" finished-at="2020-08-06T14:07:21Z">
          <reporter-output>
          </reporter-output>
        </test-method> <!-- setup -->
        <test-method status="PASS" signature="GetAllSavedQueriesNoPaginationUser()[pri:0, instance:testcases.TestQueryWizard@38d8f54a]" name="GetAllSavedQueriesNoPaginationUser" duration-ms="88" started-at="2020-08-06T14:07:21Z" finished-at="2020-08-06T14:07:21Z">
          <reporter-output>
          </reporter-output>
        </test-method> <!-- GetAllSavedQueriesNoPaginationUser -->
        <test-method status="PASS" signature="closeResources()[pri:0, instance:testcases.TestQueryWizard@38d8f54a]" name="closeResources" is-config="true" duration-ms="1" started-at="2020-08-06T14:07:21Z" finished-at="2020-08-06T14:07:21Z">
          <reporter-output>
          </reporter-output>
        </test-method> <!-- closeResources -->
        <test-method status="PASS" signature="setup()[pri:0, instance:testcases.TestQueryWizard@38d8f54a]" name="setup" is-config="true" duration-ms="2" started-at="2020-08-06T14:07:21Z" finished-at="2020-08-06T14:07:21Z">
          <reporter-output>
          </reporter-output>
        </test-method> <!-- setup -->
        <test-method status="PASS" signature="GetContainOperator()[pri:0, instance:testcases.TestQueryWizard@38d8f54a]" name="GetContainOperator" duration-ms="113" started-at="2020-08-06T14:07:21Z" finished-at="2020-08-06T14:07:21Z">
          <reporter-output>
          </reporter-output>
        </test-method> <!-- GetContainOperator -->
        <test-method status="PASS" signature="closeResources()[pri:0, instance:testcases.TestQueryWizard@38d8f54a]" name="closeResources" is-config="true" duration-ms="1" started-at="2020-08-06T14:07:21Z" finished-at="2020-08-06T14:07:21Z">
          <reporter-output>
          </reporter-output>
        </test-method> <!-- closeResources -->
        <test-method status="PASS" signature="setup()[pri:0, instance:testcases.TestQueryWizard@38d8f54a]" name="setup" is-config="true" duration-ms="2" started-at="2020-08-06T14:07:21Z" finished-at="2020-08-06T14:07:21Z">
          <reporter-output>
          </reporter-output>
        </test-method> <!-- setup -->
        <test-method status="PASS" signature="GetDeviceSavedQueries()[pri:0, instance:testcases.TestQueryWizard@38d8f54a]" name="GetDeviceSavedQueries" duration-ms="95" started-at="2020-08-06T14:07:21Z" finished-at="2020-08-06T14:07:21Z">
          <reporter-output>
          </reporter-output>
        </test-method> <!-- GetDeviceSavedQueries -->
        <test-method status="PASS" signature="closeResources()[pri:0, instance:testcases.TestQueryWizard@38d8f54a]" name="closeResources" is-config="true" duration-ms="2" started-at="2020-08-06T14:07:21Z" finished-at="2020-08-06T14:07:21Z">
          <reporter-output>
          </reporter-output>
        </test-method> <!-- closeResources -->
        <test-method status="PASS" signature="setup()[pri:0, instance:testcases.TestQueryWizard@38d8f54a]" name="setup" is-config="true" duration-ms="4" started-at="2020-08-06T14:07:21Z" finished-at="2020-08-06T14:07:21Z">
          <reporter-output>
          </reporter-output>
        </test-method> <!-- setup -->
        <test-method status="PASS" signature="GetEndWithOperator()[pri:0, instance:testcases.TestQueryWizard@38d8f54a]" name="GetEndWithOperator" duration-ms="122" started-at="2020-08-06T14:07:21Z" finished-at="2020-08-06T14:07:21Z">
          <reporter-output>
          </reporter-output>
        </test-method> <!-- GetEndWithOperator -->
        <test-method status="PASS" signature="closeResources()[pri:0, instance:testcases.TestQueryWizard@38d8f54a]" name="closeResources" is-config="true" duration-ms="0" started-at="2020-08-06T14:07:21Z" finished-at="2020-08-06T14:07:21Z">
          <reporter-output>
          </reporter-output>
        </test-method> <!-- closeResources -->
        <test-method status="PASS" signature="setup()[pri:0, instance:testcases.TestQueryWizard@38d8f54a]" name="setup" is-config="true" duration-ms="5" started-at="2020-08-06T14:07:21Z" finished-at="2020-08-06T14:07:21Z">
          <reporter-output>
          </reporter-output>
        </test-method> <!-- setup -->
        <test-method status="PASS" signature="GetEqualOperator()[pri:0, instance:testcases.TestQueryWizard@38d8f54a]" name="GetEqualOperator" duration-ms="101" started-at="2020-08-06T14:07:21Z" finished-at="2020-08-06T14:07:21Z">
          <reporter-output>
          </reporter-output>
        </test-method> <!-- GetEqualOperator -->
        <test-method status="PASS" signature="closeResources()[pri:0, instance:testcases.TestQueryWizard@38d8f54a]" name="closeResources" is-config="true" duration-ms="0" started-at="2020-08-06T14:07:21Z" finished-at="2020-08-06T14:07:21Z">
          <reporter-output>
          </reporter-output>
        </test-method> <!-- closeResources -->
        <test-method status="PASS" signature="setup()[pri:0, instance:testcases.TestQueryWizard@38d8f54a]" name="setup" is-config="true" duration-ms="5" started-at="2020-08-06T14:07:21Z" finished-at="2020-08-06T14:07:21Z">
          <reporter-output>
          </reporter-output>
        </test-method> <!-- setup -->
        <test-method status="PASS" signature="GetExecuteDeviceSavedQuery()[pri:0, instance:testcases.TestQueryWizard@38d8f54a]" name="GetExecuteDeviceSavedQuery" duration-ms="91" started-at="2020-08-06T14:07:21Z" finished-at="2020-08-06T14:07:21Z">
          <reporter-output>
          </reporter-output>
        </test-method> <!-- GetExecuteDeviceSavedQuery -->
        <test-method status="PASS" signature="setup()[pri:0, instance:testcases.TestQueryWizard@38d8f54a]" name="setup" is-config="true" duration-ms="3" started-at="2020-08-06T14:07:21Z" finished-at="2020-08-06T14:07:21Z">
          <reporter-output>
          </reporter-output>
        </test-method> <!-- setup -->
        <test-method status="PASS" signature="closeResources()[pri:0, instance:testcases.TestQueryWizard@38d8f54a]" name="closeResources" is-config="true" duration-ms="0" started-at="2020-08-06T14:07:21Z" finished-at="2020-08-06T14:07:21Z">
          <reporter-output>
          </reporter-output>
        </test-method> <!-- closeResources -->
        <test-method status="PASS" signature="GetExecuteUserSavedQuery()[pri:0, instance:testcases.TestQueryWizard@38d8f54a]" name="GetExecuteUserSavedQuery" duration-ms="74" started-at="2020-08-06T14:07:21Z" finished-at="2020-08-06T14:07:21Z">
          <reporter-output>
          </reporter-output>
        </test-method> <!-- GetExecuteUserSavedQuery -->
        <test-method status="PASS" signature="closeResources()[pri:0, instance:testcases.TestQueryWizard@38d8f54a]" name="closeResources" is-config="true" duration-ms="0" started-at="2020-08-06T14:07:21Z" finished-at="2020-08-06T14:07:21Z">
          <reporter-output>
          </reporter-output>
        </test-method> <!-- closeResources -->
        <test-method status="PASS" signature="setup()[pri:0, instance:testcases.TestQueryWizard@38d8f54a]" name="setup" is-config="true" duration-ms="2" started-at="2020-08-06T14:07:21Z" finished-at="2020-08-06T14:07:21Z">
          <reporter-output>
          </reporter-output>
        </test-method> <!-- setup -->
        <test-method status="PASS" signature="GetExistsOperatorFalse()[pri:0, instance:testcases.TestQueryWizard@38d8f54a]" name="GetExistsOperatorFalse" duration-ms="114" started-at="2020-08-06T14:07:21Z" finished-at="2020-08-06T14:07:21Z">
          <reporter-output>
          </reporter-output>
        </test-method> <!-- GetExistsOperatorFalse -->
        <test-method status="PASS" signature="closeResources()[pri:0, instance:testcases.TestQueryWizard@38d8f54a]" name="closeResources" is-config="true" duration-ms="0" started-at="2020-08-06T14:07:21Z" finished-at="2020-08-06T14:07:21Z">
          <reporter-output>
          </reporter-output>
        </test-method> <!-- closeResources -->
        <test-method status="PASS" signature="setup()[pri:0, instance:testcases.TestQueryWizard@38d8f54a]" name="setup" is-config="true" duration-ms="1" started-at="2020-08-06T14:07:21Z" finished-at="2020-08-06T14:07:21Z">
          <reporter-output>
          </reporter-output>
        </test-method> <!-- setup -->
        <test-method status="PASS" signature="GetExistsOperatorTrue()[pri:0, instance:testcases.TestQueryWizard@38d8f54a]" name="GetExistsOperatorTrue" duration-ms="115" started-at="2020-08-06T14:07:21Z" finished-at="2020-08-06T14:07:22Z">
          <reporter-output>
          </reporter-output>
        </test-method> <!-- GetExistsOperatorTrue -->
        <test-method status="PASS" signature="closeResources()[pri:0, instance:testcases.TestQueryWizard@38d8f54a]" name="closeResources" is-config="true" duration-ms="0" started-at="2020-08-06T14:07:22Z" finished-at="2020-08-06T14:07:22Z">
          <reporter-output>
          </reporter-output>
        </test-method> <!-- closeResources -->
        <test-method status="PASS" signature="setup()[pri:0, instance:testcases.TestQueryWizard@38d8f54a]" name="setup" is-config="true" duration-ms="2" started-at="2020-08-06T14:07:22Z" finished-at="2020-08-06T14:07:22Z">
          <reporter-output>
          </reporter-output>
        </test-method> <!-- setup -->
        <test-method status="PASS" signature="GetInOperator()[pri:0, instance:testcases.TestQueryWizard@38d8f54a]" name="GetInOperator" duration-ms="84" started-at="2020-08-06T14:07:22Z" finished-at="2020-08-06T14:07:22Z">
          <reporter-output>
          </reporter-output>
        </test-method> <!-- GetInOperator -->
        <test-method status="PASS" signature="closeResources()[pri:0, instance:testcases.TestQueryWizard@38d8f54a]" name="closeResources" is-config="true" duration-ms="0" started-at="2020-08-06T14:07:22Z" finished-at="2020-08-06T14:07:22Z">
          <reporter-output>
          </reporter-output>
        </test-method> <!-- closeResources -->
        <test-method status="PASS" signature="setup()[pri:0, instance:testcases.TestQueryWizard@38d8f54a]" name="setup" is-config="true" duration-ms="2" started-at="2020-08-06T14:07:22Z" finished-at="2020-08-06T14:07:22Z">
          <reporter-output>
          </reporter-output>
        </test-method> <!-- setup -->
        <test-method status="PASS" signature="GetNotEqualOperator()[pri:0, instance:testcases.TestQueryWizard@38d8f54a]" name="GetNotEqualOperator" duration-ms="102" started-at="2020-08-06T14:07:22Z" finished-at="2020-08-06T14:07:22Z">
          <reporter-output>
          </reporter-output>
        </test-method> <!-- GetNotEqualOperator -->
        <test-method status="PASS" signature="setup()[pri:0, instance:testcases.TestQueryWizard@38d8f54a]" name="setup" is-config="true" duration-ms="2" started-at="2020-08-06T14:07:22Z" finished-at="2020-08-06T14:07:22Z">
          <reporter-output>
          </reporter-output>
        </test-method> <!-- setup -->
        <test-method status="PASS" signature="closeResources()[pri:0, instance:testcases.TestQueryWizard@38d8f54a]" name="closeResources" is-config="true" duration-ms="0" started-at="2020-08-06T14:07:22Z" finished-at="2020-08-06T14:07:22Z">
          <reporter-output>
          </reporter-output>
        </test-method> <!-- closeResources -->
        <test-method status="PASS" signature="GetOROperator()[pri:0, instance:testcases.TestQueryWizard@38d8f54a]" name="GetOROperator" duration-ms="141" started-at="2020-08-06T14:07:22Z" finished-at="2020-08-06T14:07:22Z">
          <reporter-output>
          </reporter-output>
        </test-method> <!-- GetOROperator -->
        <test-method status="PASS" signature="closeResources()[pri:0, instance:testcases.TestQueryWizard@38d8f54a]" name="closeResources" is-config="true" duration-ms="1" started-at="2020-08-06T14:07:22Z" finished-at="2020-08-06T14:07:22Z">
          <reporter-output>
          </reporter-output>
        </test-method> <!-- closeResources -->
        <test-method status="PASS" signature="setup()[pri:0, instance:testcases.TestQueryWizard@38d8f54a]" name="setup" is-config="true" duration-ms="5" started-at="2020-08-06T14:07:22Z" finished-at="2020-08-06T14:07:22Z">
          <reporter-output>
          </reporter-output>
        </test-method> <!-- setup -->
        <test-method status="PASS" signature="GetStartWithOperator()[pri:0, instance:testcases.TestQueryWizard@38d8f54a]" name="GetStartWithOperator" duration-ms="121" started-at="2020-08-06T14:07:22Z" finished-at="2020-08-06T14:07:22Z">
          <reporter-output>
          </reporter-output>
        </test-method> <!-- GetStartWithOperator -->
        <test-method status="PASS" signature="setup()[pri:0, instance:testcases.TestQueryWizard@38d8f54a]" name="setup" is-config="true" duration-ms="2" started-at="2020-08-06T14:07:22Z" finished-at="2020-08-06T14:07:22Z">
          <reporter-output>
          </reporter-output>
        </test-method> <!-- setup -->
        <test-method status="PASS" signature="closeResources()[pri:0, instance:testcases.TestQueryWizard@38d8f54a]" name="closeResources" is-config="true" duration-ms="0" started-at="2020-08-06T14:07:22Z" finished-at="2020-08-06T14:07:22Z">
          <reporter-output>
          </reporter-output>
        </test-method> <!-- closeResources -->
        <test-method status="PASS" signature="GetStatementQuery()[pri:0, instance:testcases.TestQueryWizard@38d8f54a]" name="GetStatementQuery" duration-ms="76" started-at="2020-08-06T14:07:22Z" finished-at="2020-08-06T14:07:22Z">
          <reporter-output>
          </reporter-output>
        </test-method> <!-- GetStatementQuery -->
        <test-method status="PASS" signature="closeResources()[pri:0, instance:testcases.TestQueryWizard@38d8f54a]" name="closeResources" is-config="true" duration-ms="0" started-at="2020-08-06T14:07:22Z" finished-at="2020-08-06T14:07:22Z">
          <reporter-output>
          </reporter-output>
        </test-method> <!-- closeResources -->
        <test-method status="PASS" signature="setup()[pri:0, instance:testcases.TestQueryWizard@38d8f54a]" name="setup" is-config="true" duration-ms="2" started-at="2020-08-06T14:07:22Z" finished-at="2020-08-06T14:07:22Z">
          <reporter-output>
          </reporter-output>
        </test-method> <!-- setup -->
        <test-method status="PASS" signature="GetUserSavedQueries()[pri:0, instance:testcases.TestQueryWizard@38d8f54a]" name="GetUserSavedQueries" duration-ms="95" started-at="2020-08-06T14:07:22Z" finished-at="2020-08-06T14:07:22Z">
          <reporter-output>
          </reporter-output>
        </test-method> <!-- GetUserSavedQueries -->
        <test-method status="PASS" signature="closeResources()[pri:0, instance:testcases.TestQueryWizard@38d8f54a]" name="closeResources" is-config="true" duration-ms="2" started-at="2020-08-06T14:07:22Z" finished-at="2020-08-06T14:07:22Z">
          <reporter-output>
          </reporter-output>
        </test-method> <!-- closeResources -->
        <test-method status="PASS" signature="setup()[pri:0, instance:testcases.TestQueryWizard@38d8f54a]" name="setup" is-config="true" duration-ms="2" started-at="2020-08-06T14:07:22Z" finished-at="2020-08-06T14:07:22Z">
          <reporter-output>
          </reporter-output>
        </test-method> <!-- setup -->
        <test-method status="PASS" signature="PostDeviceSaveQuery()[pri:0, instance:testcases.TestQueryWizard@38d8f54a]" name="PostDeviceSaveQuery" duration-ms="76" started-at="2020-08-06T14:07:22Z" finished-at="2020-08-06T14:07:22Z">
          <reporter-output>
          </reporter-output>
        </test-method> <!-- PostDeviceSaveQuery -->
        <test-method status="PASS" signature="closeResources()[pri:0, instance:testcases.TestQueryWizard@38d8f54a]" name="closeResources" is-config="true" duration-ms="1" started-at="2020-08-06T14:07:22Z" finished-at="2020-08-06T14:07:22Z">
          <reporter-output>
          </reporter-output>
        </test-method> <!-- closeResources -->
        <test-method status="PASS" signature="setup()[pri:0, instance:testcases.TestQueryWizard@38d8f54a]" name="setup" is-config="true" duration-ms="1" started-at="2020-08-06T14:07:22Z" finished-at="2020-08-06T14:07:22Z">
          <reporter-output>
          </reporter-output>
        </test-method> <!-- setup -->
        <test-method status="PASS" signature="PostSaveQueryOverWrite()[pri:0, instance:testcases.TestQueryWizard@38d8f54a]" name="PostSaveQueryOverWrite" duration-ms="91" started-at="2020-08-06T14:07:22Z" finished-at="2020-08-06T14:07:22Z">
          <reporter-output>
          </reporter-output>
        </test-method> <!-- PostSaveQueryOverWrite -->
        <test-method status="PASS" signature="closeResources()[pri:0, instance:testcases.TestQueryWizard@38d8f54a]" name="closeResources" is-config="true" duration-ms="0" started-at="2020-08-06T14:07:22Z" finished-at="2020-08-06T14:07:22Z">
          <reporter-output>
          </reporter-output>
        </test-method> <!-- closeResources -->
        <test-method status="PASS" signature="setup()[pri:0, instance:testcases.TestQueryWizard@38d8f54a]" name="setup" is-config="true" duration-ms="2" started-at="2020-08-06T14:07:22Z" finished-at="2020-08-06T14:07:22Z">
          <reporter-output>
          </reporter-output>
        </test-method> <!-- setup -->
        <test-method status="PASS" signature="PostUserSaveQuery()[pri:0, instance:testcases.TestQueryWizard@38d8f54a]" name="PostUserSaveQuery" duration-ms="86" started-at="2020-08-06T14:07:22Z" finished-at="2020-08-06T14:07:22Z">
          <reporter-output>
          </reporter-output>
        </test-method> <!-- PostUserSaveQuery -->
        <test-method status="PASS" signature="closeResources()[pri:0, instance:testcases.TestQueryWizard@38d8f54a]" name="closeResources" is-config="true" duration-ms="0" started-at="2020-08-06T14:07:22Z" finished-at="2020-08-06T14:07:22Z">
          <reporter-output>
          </reporter-output>
        </test-method> <!-- closeResources -->
      </class> <!-- testcases.TestQueryWizard -->
      <class name="testcases.TestDashboard">
        <test-method status="PASS" signature="setup()[pri:0, instance:testcases.TestDashboard@74f0ea28]" name="setup" is-config="true" duration-ms="6" started-at="2020-08-06T14:07:09Z" finished-at="2020-08-06T14:07:09Z">
          <reporter-output>
          </reporter-output>
        </test-method> <!-- setup -->
        <test-method status="PASS" signature="GetADAdapterCount()[pri:0, instance:testcases.TestDashboard@74f0ea28]" name="GetADAdapterCount" duration-ms="85" started-at="2020-08-06T14:07:09Z" finished-at="2020-08-06T14:07:09Z">
          <reporter-output>
          </reporter-output>
        </test-method> <!-- GetADAdapterCount -->
        <test-method status="PASS" signature="closeResources()[pri:0, instance:testcases.TestDashboard@74f0ea28]" name="closeResources" is-config="true" duration-ms="0" started-at="2020-08-06T14:07:09Z" finished-at="2020-08-06T14:07:09Z">
          <reporter-output>
          </reporter-output>
        </test-method> <!-- closeResources -->
        <test-method status="PASS" signature="setup()[pri:0, instance:testcases.TestDashboard@74f0ea28]" name="setup" is-config="true" duration-ms="3" started-at="2020-08-06T14:07:09Z" finished-at="2020-08-06T14:07:09Z">
          <reporter-output>
          </reporter-output>
        </test-method> <!-- setup -->
        <test-method status="PASS" signature="GetADAssetTypeDistribution()[pri:0, instance:testcases.TestDashboard@74f0ea28]" name="GetADAssetTypeDistribution" duration-ms="88" started-at="2020-08-06T14:07:09Z" finished-at="2020-08-06T14:07:09Z">
          <reporter-output>
          </reporter-output>
        </test-method> <!-- GetADAssetTypeDistribution -->
        <test-method status="PASS" signature="closeResources()[pri:0, instance:testcases.TestDashboard@74f0ea28]" name="closeResources" is-config="true" duration-ms="1" started-at="2020-08-06T14:07:09Z" finished-at="2020-08-06T14:07:09Z">
          <reporter-output>
          </reporter-output>
        </test-method> <!-- closeResources -->
        <test-method status="PASS" signature="setup()[pri:0, instance:testcases.TestDashboard@74f0ea28]" name="setup" is-config="true" duration-ms="12" started-at="2020-08-06T14:07:09Z" finished-at="2020-08-06T14:07:09Z">
          <reporter-output>
          </reporter-output>
        </test-method> <!-- setup -->
        <test-method status="PASS" signature="GetAWSAssetTypeDistribution()[pri:0, instance:testcases.TestDashboard@74f0ea28]" name="GetAWSAssetTypeDistribution" duration-ms="88" started-at="2020-08-06T14:07:09Z" finished-at="2020-08-06T14:07:09Z">
          <reporter-output>
          </reporter-output>
        </test-method> <!-- GetAWSAssetTypeDistribution -->
        <test-method status="PASS" signature="closeResources()[pri:0, instance:testcases.TestDashboard@74f0ea28]" name="closeResources" is-config="true" duration-ms="0" started-at="2020-08-06T14:07:09Z" finished-at="2020-08-06T14:07:09Z">
          <reporter-output>
          </reporter-output>
        </test-method> <!-- closeResources -->
        <test-method status="PASS" signature="setup()[pri:0, instance:testcases.TestDashboard@74f0ea28]" name="setup" is-config="true" duration-ms="3" started-at="2020-08-06T14:07:09Z" finished-at="2020-08-06T14:07:09Z">
          <reporter-output>
          </reporter-output>
        </test-method> <!-- setup -->
        <test-method status="PASS" signature="GetAllAdaptersCount()[pri:0, instance:testcases.TestDashboard@74f0ea28]" name="GetAllAdaptersCount" duration-ms="94" started-at="2020-08-06T14:07:09Z" finished-at="2020-08-06T14:07:09Z">
          <reporter-output>
          </reporter-output>
        </test-method> <!-- GetAllAdaptersCount -->
        <test-method status="PASS" signature="closeResources()[pri:0, instance:testcases.TestDashboard@74f0ea28]" name="closeResources" is-config="true" duration-ms="1" started-at="2020-08-06T14:07:09Z" finished-at="2020-08-06T14:07:09Z">
          <reporter-output>
          </reporter-output>
        </test-method> <!-- closeResources -->
        <test-method status="PASS" signature="setup()[pri:0, instance:testcases.TestDashboard@74f0ea28]" name="setup" is-config="true" duration-ms="3" started-at="2020-08-06T14:07:09Z" finished-at="2020-08-06T14:07:09Z">
          <reporter-output>
          </reporter-output>
        </test-method> <!-- setup -->
        <test-method status="PASS" signature="GetAzureAdapterCount()[pri:0, instance:testcases.TestDashboard@74f0ea28]" name="GetAzureAdapterCount" duration-ms="131" started-at="2020-08-06T14:07:09Z" finished-at="2020-08-06T14:07:09Z">
          <reporter-output>
          </reporter-output>
        </test-method> <!-- GetAzureAdapterCount -->
        <test-method status="PASS" signature="closeResources()[pri:0, instance:testcases.TestDashboard@74f0ea28]" name="closeResources" is-config="true" duration-ms="8" started-at="2020-08-06T14:07:09Z" finished-at="2020-08-06T14:07:09Z">
          <reporter-output>
          </reporter-output>
        </test-method> <!-- closeResources -->
        <test-method status="PASS" signature="setup()[pri:0, instance:testcases.TestDashboard@74f0ea28]" name="setup" is-config="true" duration-ms="6" started-at="2020-08-06T14:07:09Z" finished-at="2020-08-06T14:07:09Z">
          <reporter-output>
          </reporter-output>
        </test-method> <!-- setup -->
        <test-method status="PASS" signature="GetAzureAssetTypeDistribution()[pri:0, instance:testcases.TestDashboard@74f0ea28]" name="GetAzureAssetTypeDistribution" duration-ms="121" started-at="2020-08-06T14:07:09Z" finished-at="2020-08-06T14:07:09Z">
          <reporter-output>
          </reporter-output>
        </test-method> <!-- GetAzureAssetTypeDistribution -->
        <test-method status="PASS" signature="closeResources()[pri:0, instance:testcases.TestDashboard@74f0ea28]" name="closeResources" is-config="true" duration-ms="1" started-at="2020-08-06T14:07:09Z" finished-at="2020-08-06T14:07:09Z">
          <reporter-output>
          </reporter-output>
        </test-method> <!-- closeResources -->
        <test-method status="PASS" signature="setup()[pri:0, instance:testcases.TestDashboard@74f0ea28]" name="setup" is-config="true" duration-ms="5" started-at="2020-08-06T14:07:09Z" finished-at="2020-08-06T14:07:09Z">
          <reporter-output>
          </reporter-output>
        </test-method> <!-- setup -->
        <test-method status="PASS" signature="GetCloudVSNonCloud()[pri:0, instance:testcases.TestDashboard@74f0ea28]" name="GetCloudVSNonCloud" duration-ms="345" started-at="2020-08-06T14:07:09Z" finished-at="2020-08-06T14:07:10Z">
          <reporter-output>
          </reporter-output>
        </test-method> <!-- GetCloudVSNonCloud -->
        <test-method status="PASS" signature="closeResources()[pri:0, instance:testcases.TestDashboard@74f0ea28]" name="closeResources" is-config="true" duration-ms="0" started-at="2020-08-06T14:07:10Z" finished-at="2020-08-06T14:07:10Z">
          <reporter-output>
          </reporter-output>
        </test-method> <!-- closeResources -->
        <test-method status="PASS" signature="setup()[pri:0, instance:testcases.TestDashboard@74f0ea28]" name="setup" is-config="true" duration-ms="1" started-at="2020-08-06T14:07:10Z" finished-at="2020-08-06T14:07:10Z">
          <reporter-output>
          </reporter-output>
        </test-method> <!-- setup -->
        <test-method status="PASS" signature="GetOSDistribution()[pri:0, instance:testcases.TestDashboard@74f0ea28]" name="GetOSDistribution" duration-ms="79" started-at="2020-08-06T14:07:10Z" finished-at="2020-08-06T14:07:10Z">
          <reporter-output>
          </reporter-output>
        </test-method> <!-- GetOSDistribution -->
        <test-method status="PASS" signature="closeResources()[pri:0, instance:testcases.TestDashboard@74f0ea28]" name="closeResources" is-config="true" duration-ms="1" started-at="2020-08-06T14:07:10Z" finished-at="2020-08-06T14:07:10Z">
          <reporter-output>
          </reporter-output>
        </test-method> <!-- closeResources -->
        <test-method status="PASS" signature="setup()[pri:0, instance:testcases.TestDashboard@74f0ea28]" name="setup" is-config="true" duration-ms="4" started-at="2020-08-06T14:07:10Z" finished-at="2020-08-06T14:07:10Z">
          <reporter-output>
          </reporter-output>
        </test-method> <!-- setup -->
        <test-method status="PASS" signature="GetTotalUserCount()[pri:0, instance:testcases.TestDashboard@74f0ea28]" name="GetTotalUserCount" duration-ms="81" started-at="2020-08-06T14:07:10Z" finished-at="2020-08-06T14:07:10Z">
          <reporter-output>
          </reporter-output>
        </test-method> <!-- GetTotalUserCount -->
        <test-method status="PASS" signature="closeResources()[pri:0, instance:testcases.TestDashboard@74f0ea28]" name="closeResources" is-config="true" duration-ms="1" started-at="2020-08-06T14:07:10Z" finished-at="2020-08-06T14:07:10Z">
          <reporter-output>
          </reporter-output>
        </test-method> <!-- closeResources -->
        <test-method status="PASS" signature="setup()[pri:0, instance:testcases.TestDashboard@74f0ea28]" name="setup" is-config="true" duration-ms="4" started-at="2020-08-06T14:07:10Z" finished-at="2020-08-06T14:07:10Z">
          <reporter-output>
          </reporter-output>
        </test-method> <!-- setup -->
        <test-method status="PASS" signature="GetWMICAdapterCount()[pri:0, instance:testcases.TestDashboard@74f0ea28]" name="GetWMICAdapterCount" duration-ms="111" started-at="2020-08-06T14:07:10Z" finished-at="2020-08-06T14:07:10Z">
          <reporter-output>
          </reporter-output>
        </test-method> <!-- GetWMICAdapterCount -->
        <test-method status="PASS" signature="closeResources()[pri:0, instance:testcases.TestDashboard@74f0ea28]" name="closeResources" is-config="true" duration-ms="2" started-at="2020-08-06T14:07:10Z" finished-at="2020-08-06T14:07:10Z">
          <reporter-output>
          </reporter-output>
        </test-method> <!-- closeResources -->
        <test-method status="PASS" signature="setup()[pri:0, instance:testcases.TestDashboard@74f0ea28]" name="setup" is-config="true" duration-ms="5" started-at="2020-08-06T14:07:10Z" finished-at="2020-08-06T14:07:10Z">
          <reporter-output>
          </reporter-output>
        </test-method> <!-- setup -->
        <test-method status="PASS" signature="GetWMICAssetTypeDistribution()[pri:0, instance:testcases.TestDashboard@74f0ea28]" name="GetWMICAssetTypeDistribution" duration-ms="78" started-at="2020-08-06T14:07:10Z" finished-at="2020-08-06T14:07:10Z">
          <reporter-output>
          </reporter-output>
        </test-method> <!-- GetWMICAssetTypeDistribution -->
        <test-method status="PASS" signature="closeResources()[pri:0, instance:testcases.TestDashboard@74f0ea28]" name="closeResources" is-config="true" duration-ms="1" started-at="2020-08-06T14:07:10Z" finished-at="2020-08-06T14:07:10Z">
          <reporter-output>
          </reporter-output>
        </test-method> <!-- closeResources -->
      </class> <!-- testcases.TestDashboard -->
      <class name="testcases.TestUserDetails">
        <test-method status="PASS" signature="setup()[pri:0, instance:testcases.TestUserDetails@351d00c0]" name="setup" is-config="true" duration-ms="2" started-at="2020-08-06T14:07:23Z" finished-at="2020-08-06T14:07:23Z">
          <reporter-output>
          </reporter-output>
        </test-method> <!-- setup -->
        <test-method status="PASS" signature="GetAllUserTags()[pri:0, instance:testcases.TestUserDetails@351d00c0]" name="GetAllUserTags" duration-ms="101" started-at="2020-08-06T14:07:23Z" finished-at="2020-08-06T14:07:23Z">
          <reporter-output>
          </reporter-output>
        </test-method> <!-- GetAllUserTags -->
        <test-method status="PASS" signature="closeResources()[pri:0, instance:testcases.TestUserDetails@351d00c0]" name="closeResources" is-config="true" duration-ms="1" started-at="2020-08-06T14:07:23Z" finished-at="2020-08-06T14:07:23Z">
          <reporter-output>
          </reporter-output>
        </test-method> <!-- closeResources -->
        <test-method status="PASS" signature="setup()[pri:0, instance:testcases.TestUserDetails@351d00c0]" name="setup" is-config="true" duration-ms="3" started-at="2020-08-06T14:07:23Z" finished-at="2020-08-06T14:07:23Z">
          <reporter-output>
          </reporter-output>
        </test-method> <!-- setup -->
        <test-method status="PASS" signature="GetAllUsers()[pri:0, instance:testcases.TestUserDetails@351d00c0]" name="GetAllUsers" duration-ms="151" started-at="2020-08-06T14:07:23Z" finished-at="2020-08-06T14:07:23Z">
          <reporter-output>
          </reporter-output>
        </test-method> <!-- GetAllUsers -->
        <test-method status="PASS" signature="closeResources()[pri:0, instance:testcases.TestUserDetails@351d00c0]" name="closeResources" is-config="true" duration-ms="0" started-at="2020-08-06T14:07:23Z" finished-at="2020-08-06T14:07:23Z">
          <reporter-output>
          </reporter-output>
        </test-method> <!-- closeResources -->
        <test-method status="PASS" signature="setup()[pri:0, instance:testcases.TestUserDetails@351d00c0]" name="setup" is-config="true" duration-ms="3" started-at="2020-08-06T14:07:23Z" finished-at="2020-08-06T14:07:23Z">
          <reporter-output>
          </reporter-output>
        </test-method> <!-- setup -->
        <test-method status="PASS" signature="GetGeneralDetails()[pri:0, instance:testcases.TestUserDetails@351d00c0]" name="GetGeneralDetails" duration-ms="71" started-at="2020-08-06T14:07:23Z" finished-at="2020-08-06T14:07:23Z">
          <reporter-output>
          </reporter-output>
        </test-method> <!-- GetGeneralDetails -->
        <test-method status="PASS" signature="closeResources()[pri:0, instance:testcases.TestUserDetails@351d00c0]" name="closeResources" is-config="true" duration-ms="2" started-at="2020-08-06T14:07:23Z" finished-at="2020-08-06T14:07:23Z">
          <reporter-output>
          </reporter-output>
        </test-method> <!-- closeResources -->
        <test-method status="PASS" signature="setup()[pri:0, instance:testcases.TestUserDetails@351d00c0]" name="setup" is-config="true" duration-ms="3" started-at="2020-08-06T14:07:23Z" finished-at="2020-08-06T14:07:23Z">
          <reporter-output>
          </reporter-output>
        </test-method> <!-- setup -->
        <test-method status="PASS" signature="GetUserAdaptersList()[pri:0, instance:testcases.TestUserDetails@351d00c0]" name="GetUserAdaptersList" duration-ms="69" started-at="2020-08-06T14:07:23Z" finished-at="2020-08-06T14:07:24Z">
          <reporter-output>
          </reporter-output>
        </test-method> <!-- GetUserAdaptersList -->
        <test-method status="PASS" signature="closeResources()[pri:0, instance:testcases.TestUserDetails@351d00c0]" name="closeResources" is-config="true" duration-ms="0" started-at="2020-08-06T14:07:24Z" finished-at="2020-08-06T14:07:24Z">
          <reporter-output>
          </reporter-output>
        </test-method> <!-- closeResources -->
        <test-method status="PASS" signature="setup()[pri:0, instance:testcases.TestUserDetails@351d00c0]" name="setup" is-config="true" duration-ms="2" started-at="2020-08-06T14:07:24Z" finished-at="2020-08-06T14:07:24Z">
          <reporter-output>
          </reporter-output>
        </test-method> <!-- setup -->
        <test-method status="PASS" signature="GetUserByID()[pri:0, instance:testcases.TestUserDetails@351d00c0]" name="GetUserByID" duration-ms="67" started-at="2020-08-06T14:07:24Z" finished-at="2020-08-06T14:07:24Z">
          <reporter-output>
          </reporter-output>
        </test-method> <!-- GetUserByID -->
        <test-method status="PASS" signature="closeResources()[pri:0, instance:testcases.TestUserDetails@351d00c0]" name="closeResources" is-config="true" duration-ms="2" started-at="2020-08-06T14:07:24Z" finished-at="2020-08-06T14:07:24Z">
          <reporter-output>
          </reporter-output>
        </test-method> <!-- closeResources -->
        <test-method status="PASS" signature="setup()[pri:0, instance:testcases.TestUserDetails@351d00c0]" name="setup" is-config="true" duration-ms="2" started-at="2020-08-06T14:07:24Z" finished-at="2020-08-06T14:07:24Z">
          <reporter-output>
          </reporter-output>
        </test-method> <!-- setup -->
        <test-method status="PASS" signature="GetUserNoteById()[pri:0, instance:testcases.TestUserDetails@351d00c0]" name="GetUserNoteById" duration-ms="99" started-at="2020-08-06T14:07:24Z" finished-at="2020-08-06T14:07:24Z">
          <reporter-output>
          </reporter-output>
        </test-method> <!-- GetUserNoteById -->
        <test-method status="PASS" signature="closeResources()[pri:0, instance:testcases.TestUserDetails@351d00c0]" name="closeResources" is-config="true" duration-ms="1" started-at="2020-08-06T14:07:24Z" finished-at="2020-08-06T14:07:24Z">
          <reporter-output>
          </reporter-output>
        </test-method> <!-- closeResources -->
        <test-method status="PASS" signature="setup()[pri:0, instance:testcases.TestUserDetails@351d00c0]" name="setup" is-config="true" duration-ms="2" started-at="2020-08-06T14:07:24Z" finished-at="2020-08-06T14:07:24Z">
          <reporter-output>
          </reporter-output>
        </test-method> <!-- setup -->
        <test-method status="PASS" signature="GetUserTagById()[pri:0, instance:testcases.TestUserDetails@351d00c0]" name="GetUserTagById" duration-ms="179" started-at="2020-08-06T14:07:24Z" finished-at="2020-08-06T14:07:24Z">
          <reporter-output>
          </reporter-output>
        </test-method> <!-- GetUserTagById -->
        <test-method status="PASS" signature="closeResources()[pri:0, instance:testcases.TestUserDetails@351d00c0]" name="closeResources" is-config="true" duration-ms="1" started-at="2020-08-06T14:07:24Z" finished-at="2020-08-06T14:07:24Z">
          <reporter-output>
          </reporter-output>
        </test-method> <!-- closeResources -->
        <test-method status="PASS" signature="setup()[pri:0, instance:testcases.TestUserDetails@351d00c0]" name="setup" is-config="true" duration-ms="4" started-at="2020-08-06T14:07:24Z" finished-at="2020-08-06T14:07:24Z">
          <reporter-output>
          </reporter-output>
        </test-method> <!-- setup -->
        <test-method status="PASS" signature="GetUsersAdapterData()[pri:0, instance:testcases.TestUserDetails@351d00c0]" name="GetUsersAdapterData" duration-ms="106" started-at="2020-08-06T14:07:24Z" finished-at="2020-08-06T14:07:24Z">
          <reporter-output>
          </reporter-output>
        </test-method> <!-- GetUsersAdapterData -->
        <test-method status="PASS" signature="closeResources()[pri:0, instance:testcases.TestUserDetails@351d00c0]" name="closeResources" is-config="true" duration-ms="1" started-at="2020-08-06T14:07:24Z" finished-at="2020-08-06T14:07:24Z">
          <reporter-output>
          </reporter-output>
        </test-method> <!-- closeResources -->
        <test-method status="PASS" signature="setup()[pri:0, instance:testcases.TestUserDetails@351d00c0]" name="setup" is-config="true" duration-ms="4" started-at="2020-08-06T14:07:24Z" finished-at="2020-08-06T14:07:24Z">
          <reporter-output>
          </reporter-output>
        </test-method> <!-- setup -->
        <test-method status="PASS" signature="PostInsertUserNote()[pri:0, instance:testcases.TestUserDetails@351d00c0]" name="PostInsertUserNote" duration-ms="120" started-at="2020-08-06T14:07:24Z" finished-at="2020-08-06T14:07:24Z">
          <reporter-output>
          </reporter-output>
        </test-method> <!-- PostInsertUserNote -->
        <test-method status="PASS" signature="closeResources()[pri:0, instance:testcases.TestUserDetails@351d00c0]" name="closeResources" is-config="true" duration-ms="1" started-at="2020-08-06T14:07:24Z" finished-at="2020-08-06T14:07:24Z">
          <reporter-output>
          </reporter-output>
        </test-method> <!-- closeResources -->
        <test-method status="PASS" signature="setup()[pri:0, instance:testcases.TestUserDetails@351d00c0]" name="setup" is-config="true" duration-ms="2" started-at="2020-08-06T14:07:24Z" finished-at="2020-08-06T14:07:24Z">
          <reporter-output>
          </reporter-output>
        </test-method> <!-- setup -->
        <test-method status="PASS" signature="PostInsertUserNoteNew()[pri:0, instance:testcases.TestUserDetails@351d00c0]" name="PostInsertUserNoteNew" duration-ms="121" started-at="2020-08-06T14:07:24Z" finished-at="2020-08-06T14:07:24Z">
          <reporter-output>
          </reporter-output>
        </test-method> <!-- PostInsertUserNoteNew -->
        <test-method status="PASS" signature="closeResources()[pri:0, instance:testcases.TestUserDetails@351d00c0]" name="closeResources" is-config="true" duration-ms="0" started-at="2020-08-06T14:07:24Z" finished-at="2020-08-06T14:07:24Z">
          <reporter-output>
          </reporter-output>
        </test-method> <!-- closeResources -->
        <test-method status="PASS" signature="setup()[pri:0, instance:testcases.TestUserDetails@351d00c0]" name="setup" is-config="true" duration-ms="2" started-at="2020-08-06T14:07:24Z" finished-at="2020-08-06T14:07:24Z">
          <reporter-output>
          </reporter-output>
        </test-method> <!-- setup -->
        <test-method status="PASS" signature="PostInsertUserTag()[pri:0, instance:testcases.TestUserDetails@351d00c0]" name="PostInsertUserTag" duration-ms="84" started-at="2020-08-06T14:07:24Z" finished-at="2020-08-06T14:07:24Z">
          <reporter-output>
          </reporter-output>
        </test-method> <!-- PostInsertUserTag -->
        <test-method status="PASS" signature="closeResources()[pri:0, instance:testcases.TestUserDetails@351d00c0]" name="closeResources" is-config="true" duration-ms="1" started-at="2020-08-06T14:07:24Z" finished-at="2020-08-06T14:07:24Z">
          <reporter-output>
          </reporter-output>
        </test-method> <!-- closeResources -->
        <test-method status="PASS" signature="setup()[pri:0, instance:testcases.TestUserDetails@351d00c0]" name="setup" is-config="true" duration-ms="5" started-at="2020-08-06T14:07:24Z" finished-at="2020-08-06T14:07:24Z">
          <reporter-output>
          </reporter-output>
        </test-method> <!-- setup -->
        <test-method status="PASS" signature="PostInsertUserTagNew()[pri:0, instance:testcases.TestUserDetails@351d00c0]" name="PostInsertUserTagNew" duration-ms="415" started-at="2020-08-06T14:07:24Z" finished-at="2020-08-06T14:07:25Z">
          <reporter-output>
          </reporter-output>
        </test-method> <!-- PostInsertUserTagNew -->
        <test-method status="PASS" signature="closeResources()[pri:0, instance:testcases.TestUserDetails@351d00c0]" name="closeResources" is-config="true" duration-ms="0" started-at="2020-08-06T14:07:25Z" finished-at="2020-08-06T14:07:25Z">
          <reporter-output>
          </reporter-output>
        </test-method> <!-- closeResources -->
      </class> <!-- testcases.TestUserDetails -->
      <class name="testcases.TestPolicyRoutine">
        <test-method status="PASS" signature="setup()[pri:0, instance:testcases.TestPolicyRoutine@409bf450]" name="setup" is-config="true" duration-ms="4" started-at="2020-08-06T14:07:17Z" finished-at="2020-08-06T14:07:17Z">
          <reporter-output>
          </reporter-output>
        </test-method> <!-- setup -->
        <test-method status="PASS" signature="GetActionsPair()[pri:0, instance:testcases.TestPolicyRoutine@409bf450]" name="GetActionsPair" duration-ms="79" started-at="2020-08-06T14:07:17Z" finished-at="2020-08-06T14:07:18Z">
          <reporter-output>
          </reporter-output>
        </test-method> <!-- GetActionsPair -->
        <test-method status="PASS" signature="closeResources()[pri:0, instance:testcases.TestPolicyRoutine@409bf450]" name="closeResources" is-config="true" duration-ms="1" started-at="2020-08-06T14:07:18Z" finished-at="2020-08-06T14:07:18Z">
          <reporter-output>
          </reporter-output>
        </test-method> <!-- closeResources -->
        <test-method status="PASS" signature="setup()[pri:0, instance:testcases.TestPolicyRoutine@409bf450]" name="setup" is-config="true" duration-ms="4" started-at="2020-08-06T14:07:18Z" finished-at="2020-08-06T14:07:18Z">
          <reporter-output>
          </reporter-output>
        </test-method> <!-- setup -->
        <test-method status="PASS" signature="GetPolicyRoutineActions()[pri:0, instance:testcases.TestPolicyRoutine@409bf450]" name="GetPolicyRoutineActions" duration-ms="69" started-at="2020-08-06T14:07:18Z" finished-at="2020-08-06T14:07:18Z">
          <reporter-output>
          </reporter-output>
        </test-method> <!-- GetPolicyRoutineActions -->
        <test-method status="PASS" signature="closeResources()[pri:0, instance:testcases.TestPolicyRoutine@409bf450]" name="closeResources" is-config="true" duration-ms="0" started-at="2020-08-06T14:07:18Z" finished-at="2020-08-06T14:07:18Z">
          <reporter-output>
          </reporter-output>
        </test-method> <!-- closeResources -->
        <test-method status="PASS" signature="setup()[pri:0, instance:testcases.TestPolicyRoutine@409bf450]" name="setup" is-config="true" duration-ms="3" started-at="2020-08-06T14:07:18Z" finished-at="2020-08-06T14:07:18Z">
          <reporter-output>
          </reporter-output>
        </test-method> <!-- setup -->
        <test-method status="PASS" signature="GetPolicyRoutineAllData()[pri:0, instance:testcases.TestPolicyRoutine@409bf450]" name="GetPolicyRoutineAllData" duration-ms="99" started-at="2020-08-06T14:07:18Z" finished-at="2020-08-06T14:07:18Z">
          <reporter-output>
          </reporter-output>
        </test-method> <!-- GetPolicyRoutineAllData -->
        <test-method status="PASS" signature="closeResources()[pri:0, instance:testcases.TestPolicyRoutine@409bf450]" name="closeResources" is-config="true" duration-ms="2" started-at="2020-08-06T14:07:18Z" finished-at="2020-08-06T14:07:18Z">
          <reporter-output>
          </reporter-output>
        </test-method> <!-- closeResources -->
        <test-method status="PASS" signature="setup()[pri:0, instance:testcases.TestPolicyRoutine@409bf450]" name="setup" is-config="true" duration-ms="4" started-at="2020-08-06T14:07:18Z" finished-at="2020-08-06T14:07:18Z">
          <reporter-output>
          </reporter-output>
        </test-method> <!-- setup -->
        <test-method status="PASS" signature="GetPolicyRoutineById()[pri:0, instance:testcases.TestPolicyRoutine@409bf450]" name="GetPolicyRoutineById" duration-ms="95" started-at="2020-08-06T14:07:18Z" finished-at="2020-08-06T14:07:18Z">
          <reporter-output>
          </reporter-output>
        </test-method> <!-- GetPolicyRoutineById -->
        <test-method status="PASS" signature="closeResources()[pri:0, instance:testcases.TestPolicyRoutine@409bf450]" name="closeResources" is-config="true" duration-ms="1" started-at="2020-08-06T14:07:18Z" finished-at="2020-08-06T14:07:18Z">
          <reporter-output>
          </reporter-output>
        </test-method> <!-- closeResources -->
        <test-method status="PASS" signature="setup()[pri:0, instance:testcases.TestPolicyRoutine@409bf450]" name="setup" is-config="true" duration-ms="5" started-at="2020-08-06T14:07:18Z" finished-at="2020-08-06T14:07:18Z">
          <reporter-output>
          </reporter-output>
        </test-method> <!-- setup -->
        <test-method status="PASS" signature="GetPolicyRoutineDeviceActions()[pri:0, instance:testcases.TestPolicyRoutine@409bf450]" name="GetPolicyRoutineDeviceActions" duration-ms="92" started-at="2020-08-06T14:07:18Z" finished-at="2020-08-06T14:07:18Z">
          <reporter-output>
          </reporter-output>
        </test-method> <!-- GetPolicyRoutineDeviceActions -->
        <test-method status="PASS" signature="closeResources()[pri:0, instance:testcases.TestPolicyRoutine@409bf450]" name="closeResources" is-config="true" duration-ms="2" started-at="2020-08-06T14:07:18Z" finished-at="2020-08-06T14:07:18Z">
          <reporter-output>
          </reporter-output>
        </test-method> <!-- closeResources -->
        <test-method status="PASS" signature="setup()[pri:0, instance:testcases.TestPolicyRoutine@409bf450]" name="setup" is-config="true" duration-ms="4" started-at="2020-08-06T14:07:18Z" finished-at="2020-08-06T14:07:18Z">
          <reporter-output>
          </reporter-output>
        </test-method> <!-- setup -->
        <test-method status="PASS" signature="GetPolicyRoutineSummary()[pri:0, instance:testcases.TestPolicyRoutine@409bf450]" name="GetPolicyRoutineSummary" duration-ms="99" started-at="2020-08-06T14:07:18Z" finished-at="2020-08-06T14:07:18Z">
          <reporter-output>
          </reporter-output>
        </test-method> <!-- GetPolicyRoutineSummary -->
        <test-method status="PASS" signature="closeResources()[pri:0, instance:testcases.TestPolicyRoutine@409bf450]" name="closeResources" is-config="true" duration-ms="0" started-at="2020-08-06T14:07:18Z" finished-at="2020-08-06T14:07:18Z">
          <reporter-output>
          </reporter-output>
        </test-method> <!-- closeResources -->
        <test-method status="PASS" signature="setup()[pri:0, instance:testcases.TestPolicyRoutine@409bf450]" name="setup" is-config="true" duration-ms="2" started-at="2020-08-06T14:07:18Z" finished-at="2020-08-06T14:07:18Z">
          <reporter-output>
          </reporter-output>
        </test-method> <!-- setup -->
        <test-method status="PASS" signature="GetPolicyRoutineTable()[pri:0, instance:testcases.TestPolicyRoutine@409bf450]" name="GetPolicyRoutineTable" duration-ms="131" started-at="2020-08-06T14:07:18Z" finished-at="2020-08-06T14:07:18Z">
          <reporter-output>
          </reporter-output>
        </test-method> <!-- GetPolicyRoutineTable -->
        <test-method status="PASS" signature="closeResources()[pri:0, instance:testcases.TestPolicyRoutine@409bf450]" name="closeResources" is-config="true" duration-ms="1" started-at="2020-08-06T14:07:18Z" finished-at="2020-08-06T14:07:18Z">
          <reporter-output>
          </reporter-output>
        </test-method> <!-- closeResources -->
        <test-method status="PASS" signature="setup()[pri:0, instance:testcases.TestPolicyRoutine@409bf450]" name="setup" is-config="true" duration-ms="2" started-at="2020-08-06T14:07:18Z" finished-at="2020-08-06T14:07:18Z">
          <reporter-output>
          </reporter-output>
        </test-method> <!-- setup -->
        <test-method status="PASS" signature="GetPolicyRoutineTableWithFilter()[pri:0, instance:testcases.TestPolicyRoutine@409bf450]" name="GetPolicyRoutineTableWithFilter" duration-ms="93" started-at="2020-08-06T14:07:18Z" finished-at="2020-08-06T14:07:18Z">
          <reporter-output>
          </reporter-output>
        </test-method> <!-- GetPolicyRoutineTableWithFilter -->
        <test-method status="PASS" signature="closeResources()[pri:0, instance:testcases.TestPolicyRoutine@409bf450]" name="closeResources" is-config="true" duration-ms="1" started-at="2020-08-06T14:07:18Z" finished-at="2020-08-06T14:07:18Z">
          <reporter-output>
          </reporter-output>
        </test-method> <!-- closeResources -->
        <test-method status="PASS" signature="setup()[pri:0, instance:testcases.TestPolicyRoutine@409bf450]" name="setup" is-config="true" duration-ms="4" started-at="2020-08-06T14:07:18Z" finished-at="2020-08-06T14:07:18Z">
          <reporter-output>
          </reporter-output>
        </test-method> <!-- setup -->
        <test-method status="PASS" signature="GetPolicyRoutineUserActions()[pri:0, instance:testcases.TestPolicyRoutine@409bf450]" name="GetPolicyRoutineUserActions" duration-ms="98" started-at="2020-08-06T14:07:18Z" finished-at="2020-08-06T14:07:18Z">
          <reporter-output>
          </reporter-output>
        </test-method> <!-- GetPolicyRoutineUserActions -->
        <test-method status="PASS" signature="closeResources()[pri:0, instance:testcases.TestPolicyRoutine@409bf450]" name="closeResources" is-config="true" duration-ms="1" started-at="2020-08-06T14:07:18Z" finished-at="2020-08-06T14:07:18Z">
          <reporter-output>
          </reporter-output>
        </test-method> <!-- closeResources -->
        <test-method status="PASS" signature="setup()[pri:0, instance:testcases.TestPolicyRoutine@409bf450]" name="setup" is-config="true" duration-ms="5" started-at="2020-08-06T14:07:18Z" finished-at="2020-08-06T14:07:18Z">
          <reporter-output>
          </reporter-output>
        </test-method> <!-- setup -->
        <test-method status="PASS" signature="PostCreatePolicyRoutine()[pri:0, instance:testcases.TestPolicyRoutine@409bf450]" name="PostCreatePolicyRoutine" duration-ms="1129" started-at="2020-08-06T14:07:18Z" finished-at="2020-08-06T14:07:19Z">
          <reporter-output>
          </reporter-output>
        </test-method> <!-- PostCreatePolicyRoutine -->
        <test-method status="PASS" signature="closeResources()[pri:0, instance:testcases.TestPolicyRoutine@409bf450]" name="closeResources" is-config="true" duration-ms="0" started-at="2020-08-06T14:07:19Z" finished-at="2020-08-06T14:07:19Z">
          <reporter-output>
          </reporter-output>
        </test-method> <!-- closeResources -->
        <test-method status="PASS" signature="setup()[pri:0, instance:testcases.TestPolicyRoutine@409bf450]" name="setup" is-config="true" duration-ms="5" started-at="2020-08-06T14:07:19Z" finished-at="2020-08-06T14:07:19Z">
          <reporter-output>
          </reporter-output>
        </test-method> <!-- setup -->
        <test-method status="PASS" signature="PostCreatePolicyRoutineNew()[pri:0, instance:testcases.TestPolicyRoutine@409bf450]" name="PostCreatePolicyRoutineNew" duration-ms="159" started-at="2020-08-06T14:07:19Z" finished-at="2020-08-06T14:07:20Z">
          <reporter-output>
          </reporter-output>
        </test-method> <!-- PostCreatePolicyRoutineNew -->
        <test-method status="PASS" signature="closeResources()[pri:0, instance:testcases.TestPolicyRoutine@409bf450]" name="closeResources" is-config="true" duration-ms="1" started-at="2020-08-06T14:07:20Z" finished-at="2020-08-06T14:07:20Z">
          <reporter-output>
          </reporter-output>
        </test-method> <!-- closeResources -->
        <test-method status="PASS" signature="setup()[pri:0, instance:testcases.TestPolicyRoutine@409bf450]" name="setup" is-config="true" duration-ms="3" started-at="2020-08-06T14:07:20Z" finished-at="2020-08-06T14:07:20Z">
          <reporter-output>
          </reporter-output>
        </test-method> <!-- setup -->
        <test-method status="PASS" signature="PostEnforcePolicyOnDeviceNew()[pri:0, instance:testcases.TestPolicyRoutine@409bf450]" name="PostEnforcePolicyOnDeviceNew" duration-ms="109" started-at="2020-08-06T14:07:20Z" finished-at="2020-08-06T14:07:20Z">
          <reporter-output>
          </reporter-output>
        </test-method> <!-- PostEnforcePolicyOnDeviceNew -->
        <test-method status="PASS" signature="setup()[pri:0, instance:testcases.TestPolicyRoutine@409bf450]" name="setup" is-config="true" duration-ms="2" started-at="2020-08-06T14:07:20Z" finished-at="2020-08-06T14:07:20Z">
          <reporter-output>
          </reporter-output>
        </test-method> <!-- setup -->
        <test-method status="PASS" signature="closeResources()[pri:0, instance:testcases.TestPolicyRoutine@409bf450]" name="closeResources" is-config="true" duration-ms="0" started-at="2020-08-06T14:07:20Z" finished-at="2020-08-06T14:07:20Z">
          <reporter-output>
          </reporter-output>
        </test-method> <!-- closeResources -->
        <test-method status="PASS" signature="PostEnforcePolicyOnUserNew()[pri:0, instance:testcases.TestPolicyRoutine@409bf450]" name="PostEnforcePolicyOnUserNew" duration-ms="127" started-at="2020-08-06T14:07:20Z" finished-at="2020-08-06T14:07:20Z">
          <reporter-output>
          </reporter-output>
        </test-method> <!-- PostEnforcePolicyOnUserNew -->
        <test-method status="PASS" signature="closeResources()[pri:0, instance:testcases.TestPolicyRoutine@409bf450]" name="closeResources" is-config="true" duration-ms="0" started-at="2020-08-06T14:07:20Z" finished-at="2020-08-06T14:07:20Z">
          <reporter-output>
          </reporter-output>
        </test-method> <!-- closeResources -->
        <test-method status="PASS" signature="setup()[pri:0, instance:testcases.TestPolicyRoutine@409bf450]" name="setup" is-config="true" duration-ms="2" started-at="2020-08-06T14:07:20Z" finished-at="2020-08-06T14:07:20Z">
          <reporter-output>
          </reporter-output>
        </test-method> <!-- setup -->
        <test-method status="PASS" signature="PostEnforcePolicyonDevice()[pri:0, instance:testcases.TestPolicyRoutine@409bf450]" name="PostEnforcePolicyonDevice" duration-ms="85" started-at="2020-08-06T14:07:20Z" finished-at="2020-08-06T14:07:20Z">
          <reporter-output>
          </reporter-output>
        </test-method> <!-- PostEnforcePolicyonDevice -->
        <test-method status="PASS" signature="closeResources()[pri:0, instance:testcases.TestPolicyRoutine@409bf450]" name="closeResources" is-config="true" duration-ms="1" started-at="2020-08-06T14:07:20Z" finished-at="2020-08-06T14:07:20Z">
          <reporter-output>
          </reporter-output>
        </test-method> <!-- closeResources -->
        <test-method status="PASS" signature="setup()[pri:0, instance:testcases.TestPolicyRoutine@409bf450]" name="setup" is-config="true" duration-ms="2" started-at="2020-08-06T14:07:20Z" finished-at="2020-08-06T14:07:20Z">
          <reporter-output>
          </reporter-output>
        </test-method> <!-- setup -->
        <test-method status="PASS" signature="PostEnforcePolicyonUser()[pri:0, instance:testcases.TestPolicyRoutine@409bf450]" name="PostEnforcePolicyonUser" duration-ms="72" started-at="2020-08-06T14:07:20Z" finished-at="2020-08-06T14:07:20Z">
          <reporter-output>
          </reporter-output>
        </test-method> <!-- PostEnforcePolicyonUser -->
        <test-method status="PASS" signature="closeResources()[pri:0, instance:testcases.TestPolicyRoutine@409bf450]" name="closeResources" is-config="true" duration-ms="1" started-at="2020-08-06T14:07:20Z" finished-at="2020-08-06T14:07:20Z">
          <reporter-output>
          </reporter-output>
        </test-method> <!-- closeResources -->
        <test-method status="PASS" signature="setup()[pri:0, instance:testcases.TestPolicyRoutine@409bf450]" name="setup" is-config="true" duration-ms="5" started-at="2020-08-06T14:07:20Z" finished-at="2020-08-06T14:07:20Z">
          <reporter-output>
          </reporter-output>
        </test-method> <!-- setup -->
        <test-method status="PASS" signature="PutPolicyRoutine()[pri:0, instance:testcases.TestPolicyRoutine@409bf450]" name="PutPolicyRoutine" duration-ms="89" started-at="2020-08-06T14:07:20Z" finished-at="2020-08-06T14:07:20Z">
          <reporter-output>
          </reporter-output>
        </test-method> <!-- PutPolicyRoutine -->
        <test-method status="PASS" signature="closeResources()[pri:0, instance:testcases.TestPolicyRoutine@409bf450]" name="closeResources" is-config="true" duration-ms="2" started-at="2020-08-06T14:07:20Z" finished-at="2020-08-06T14:07:20Z">
          <reporter-output>
          </reporter-output>
        </test-method> <!-- closeResources -->
      </class> <!-- testcases.TestPolicyRoutine -->
      <class name="testcases.TestDeviceDetail">
        <test-method status="PASS" signature="setup()[pri:0, instance:testcases.TestDeviceDetail@f6efaab]" name="setup" is-config="true" duration-ms="11" started-at="2020-08-06T14:07:10Z" finished-at="2020-08-06T14:07:10Z">
          <reporter-output>
          </reporter-output>
        </test-method> <!-- setup -->
        <test-method status="PASS" signature="DeleteDeviceNote()[pri:0, instance:testcases.TestDeviceDetail@f6efaab]" name="DeleteDeviceNote" duration-ms="216" started-at="2020-08-06T14:07:10Z" finished-at="2020-08-06T14:07:10Z">
          <reporter-output>
          </reporter-output>
        </test-method> <!-- DeleteDeviceNote -->
        <test-method status="PASS" signature="closeResources()[pri:0, instance:testcases.TestDeviceDetail@f6efaab]" name="closeResources" is-config="true" duration-ms="2" started-at="2020-08-06T14:07:10Z" finished-at="2020-08-06T14:07:10Z">
          <reporter-output>
          </reporter-output>
        </test-method> <!-- closeResources -->
        <test-method status="PASS" signature="setup()[pri:0, instance:testcases.TestDeviceDetail@f6efaab]" name="setup" is-config="true" duration-ms="5" started-at="2020-08-06T14:07:10Z" finished-at="2020-08-06T14:07:10Z">
          <reporter-output>
          </reporter-output>
        </test-method> <!-- setup -->
        <test-method status="PASS" signature="DeleteDeviceSingleTag()[pri:0, instance:testcases.TestDeviceDetail@f6efaab]" name="DeleteDeviceSingleTag" duration-ms="83" started-at="2020-08-06T14:07:10Z" finished-at="2020-08-06T14:07:10Z">
          <reporter-output>
          </reporter-output>
        </test-method> <!-- DeleteDeviceSingleTag -->
        <test-method status="PASS" signature="closeResources()[pri:0, instance:testcases.TestDeviceDetail@f6efaab]" name="closeResources" is-config="true" duration-ms="0" started-at="2020-08-06T14:07:10Z" finished-at="2020-08-06T14:07:10Z">
          <reporter-output>
          </reporter-output>
        </test-method> <!-- closeResources -->
        <test-method status="PASS" signature="setup()[pri:0, instance:testcases.TestDeviceDetail@f6efaab]" name="setup" is-config="true" duration-ms="6" started-at="2020-08-06T14:07:10Z" finished-at="2020-08-06T14:07:10Z">
          <reporter-output>
          </reporter-output>
        </test-method> <!-- setup -->
        <test-method status="PASS" signature="DeleteDiscoveredDevice()[pri:0, instance:testcases.TestDeviceDetail@f6efaab]" name="DeleteDiscoveredDevice" duration-ms="94" started-at="2020-08-06T14:07:10Z" finished-at="2020-08-06T14:07:10Z">
          <reporter-output>
          </reporter-output>
        </test-method> <!-- DeleteDiscoveredDevice -->
        <test-method status="PASS" signature="closeResources()[pri:0, instance:testcases.TestDeviceDetail@f6efaab]" name="closeResources" is-config="true" duration-ms="1" started-at="2020-08-06T14:07:10Z" finished-at="2020-08-06T14:07:10Z">
          <reporter-output>
          </reporter-output>
        </test-method> <!-- closeResources -->
        <test-method status="PASS" signature="setup()[pri:0, instance:testcases.TestDeviceDetail@f6efaab]" name="setup" is-config="true" duration-ms="5" started-at="2020-08-06T14:07:10Z" finished-at="2020-08-06T14:07:10Z">
          <reporter-output>
          </reporter-output>
        </test-method> <!-- setup -->
        <test-method status="PASS" signature="GeAdapterDetailsById()[pri:0, instance:testcases.TestDeviceDetail@f6efaab]" name="GeAdapterDetailsById" duration-ms="95" started-at="2020-08-06T14:07:10Z" finished-at="2020-08-06T14:07:11Z">
          <reporter-output>
          </reporter-output>
        </test-method> <!-- GeAdapterDetailsById -->
        <test-method status="PASS" signature="closeResources()[pri:0, instance:testcases.TestDeviceDetail@f6efaab]" name="closeResources" is-config="true" duration-ms="1" started-at="2020-08-06T14:07:11Z" finished-at="2020-08-06T14:07:11Z">
          <reporter-output>
          </reporter-output>
        </test-method> <!-- closeResources -->
        <test-method status="PASS" signature="setup()[pri:0, instance:testcases.TestDeviceDetail@f6efaab]" name="setup" is-config="true" duration-ms="2" started-at="2020-08-06T14:07:11Z" finished-at="2020-08-06T14:07:11Z">
          <reporter-output>
          </reporter-output>
        </test-method> <!-- setup -->
        <test-method status="PASS" signature="GetAllDevices()[pri:0, instance:testcases.TestDeviceDetail@f6efaab]" name="GetAllDevices" duration-ms="79" started-at="2020-08-06T14:07:11Z" finished-at="2020-08-06T14:07:11Z">
          <reporter-output>
          </reporter-output>
        </test-method> <!-- GetAllDevices -->
        <test-method status="PASS" signature="closeResources()[pri:0, instance:testcases.TestDeviceDetail@f6efaab]" name="closeResources" is-config="true" duration-ms="1" started-at="2020-08-06T14:07:11Z" finished-at="2020-08-06T14:07:11Z">
          <reporter-output>
          </reporter-output>
        </test-method> <!-- closeResources -->
        <test-method status="PASS" signature="setup()[pri:0, instance:testcases.TestDeviceDetail@f6efaab]" name="setup" is-config="true" duration-ms="2" started-at="2020-08-06T14:07:11Z" finished-at="2020-08-06T14:07:11Z">
          <reporter-output>
          </reporter-output>
        </test-method> <!-- setup -->
        <test-method status="PASS" signature="GetAllTags()[pri:0, instance:testcases.TestDeviceDetail@f6efaab]" name="GetAllTags" duration-ms="137" started-at="2020-08-06T14:07:11Z" finished-at="2020-08-06T14:07:11Z">
          <reporter-output>
          </reporter-output>
        </test-method> <!-- GetAllTags -->
        <test-method status="PASS" signature="closeResources()[pri:0, instance:testcases.TestDeviceDetail@f6efaab]" name="closeResources" is-config="true" duration-ms="1" started-at="2020-08-06T14:07:11Z" finished-at="2020-08-06T14:07:11Z">
          <reporter-output>
          </reporter-output>
        </test-method> <!-- closeResources -->
        <test-method status="PASS" signature="setup()[pri:0, instance:testcases.TestDeviceDetail@f6efaab]" name="setup" is-config="true" duration-ms="5" started-at="2020-08-06T14:07:11Z" finished-at="2020-08-06T14:07:11Z">
          <reporter-output>
          </reporter-output>
        </test-method> <!-- setup -->
        <test-method status="PASS" signature="GetConnectedHardwareForDevice()[pri:0, instance:testcases.TestDeviceDetail@f6efaab]" name="GetConnectedHardwareForDevice" duration-ms="116" started-at="2020-08-06T14:07:11Z" finished-at="2020-08-06T14:07:11Z">
          <reporter-output>
          </reporter-output>
        </test-method> <!-- GetConnectedHardwareForDevice -->
        <test-method status="PASS" signature="closeResources()[pri:0, instance:testcases.TestDeviceDetail@f6efaab]" name="closeResources" is-config="true" duration-ms="0" started-at="2020-08-06T14:07:11Z" finished-at="2020-08-06T14:07:11Z">
          <reporter-output>
          </reporter-output>
        </test-method> <!-- closeResources -->
        <test-method status="PASS" signature="setup()[pri:0, instance:testcases.TestDeviceDetail@f6efaab]" name="setup" is-config="true" duration-ms="2" started-at="2020-08-06T14:07:11Z" finished-at="2020-08-06T14:07:11Z">
          <reporter-output>
          </reporter-output>
        </test-method> <!-- setup -->
        <test-method status="PASS" signature="GetDeviceAdaptersList()[pri:0, instance:testcases.TestDeviceDetail@f6efaab]" name="GetDeviceAdaptersList" duration-ms="77" started-at="2020-08-06T14:07:11Z" finished-at="2020-08-06T14:07:11Z">
          <reporter-output>
          </reporter-output>
        </test-method> <!-- GetDeviceAdaptersList -->
        <test-method status="PASS" signature="closeResources()[pri:0, instance:testcases.TestDeviceDetail@f6efaab]" name="closeResources" is-config="true" duration-ms="0" started-at="2020-08-06T14:07:11Z" finished-at="2020-08-06T14:07:11Z">
          <reporter-output>
          </reporter-output>
        </test-method> <!-- closeResources -->
        <test-method status="PASS" signature="setup()[pri:0, instance:testcases.TestDeviceDetail@f6efaab]" name="setup" is-config="true" duration-ms="2" started-at="2020-08-06T14:07:11Z" finished-at="2020-08-06T14:07:11Z">
          <reporter-output>
          </reporter-output>
        </test-method> <!-- setup -->
        <test-method status="PASS" signature="GetDeviceNoteDetailsById()[pri:0, instance:testcases.TestDeviceDetail@f6efaab]" name="GetDeviceNoteDetailsById" duration-ms="81" started-at="2020-08-06T14:07:11Z" finished-at="2020-08-06T14:07:11Z">
          <reporter-output>
          </reporter-output>
        </test-method> <!-- GetDeviceNoteDetailsById -->
        <test-method status="PASS" signature="closeResources()[pri:0, instance:testcases.TestDeviceDetail@f6efaab]" name="closeResources" is-config="true" duration-ms="2" started-at="2020-08-06T14:07:11Z" finished-at="2020-08-06T14:07:11Z">
          <reporter-output>
          </reporter-output>
        </test-method> <!-- closeResources -->
        <test-method status="PASS" signature="setup()[pri:0, instance:testcases.TestDeviceDetail@f6efaab]" name="setup" is-config="true" duration-ms="5" started-at="2020-08-06T14:07:11Z" finished-at="2020-08-06T14:07:11Z">
          <reporter-output>
          </reporter-output>
        </test-method> <!-- setup -->
        <test-method status="PASS" signature="GetDeviceTagDetailsById()[pri:0, instance:testcases.TestDeviceDetail@f6efaab]" name="GetDeviceTagDetailsById" duration-ms="123" started-at="2020-08-06T14:07:11Z" finished-at="2020-08-06T14:07:11Z">
          <reporter-output>
          </reporter-output>
        </test-method> <!-- GetDeviceTagDetailsById -->
        <test-method status="PASS" signature="closeResources()[pri:0, instance:testcases.TestDeviceDetail@f6efaab]" name="closeResources" is-config="true" duration-ms="1" started-at="2020-08-06T14:07:11Z" finished-at="2020-08-06T14:07:11Z">
          <reporter-output>
          </reporter-output>
        </test-method> <!-- closeResources -->
        <test-method status="PASS" signature="setup()[pri:0, instance:testcases.TestDeviceDetail@f6efaab]" name="setup" is-config="true" duration-ms="6" started-at="2020-08-06T14:07:11Z" finished-at="2020-08-06T14:07:11Z">
          <reporter-output>
          </reporter-output>
        </test-method> <!-- setup -->
        <test-method status="PASS" signature="GetDevicesDetailsByID()[pri:0, instance:testcases.TestDeviceDetail@f6efaab]" name="GetDevicesDetailsByID" duration-ms="133" started-at="2020-08-06T14:07:11Z" finished-at="2020-08-06T14:07:11Z">
          <reporter-output>
          </reporter-output>
        </test-method> <!-- GetDevicesDetailsByID -->
        <test-method status="PASS" signature="closeResources()[pri:0, instance:testcases.TestDeviceDetail@f6efaab]" name="closeResources" is-config="true" duration-ms="1" started-at="2020-08-06T14:07:11Z" finished-at="2020-08-06T14:07:11Z">
          <reporter-output>
          </reporter-output>
        </test-method> <!-- closeResources -->
        <test-method status="PASS" signature="setup()[pri:0, instance:testcases.TestDeviceDetail@f6efaab]" name="setup" is-config="true" duration-ms="4" started-at="2020-08-06T14:07:11Z" finished-at="2020-08-06T14:07:11Z">
          <reporter-output>
          </reporter-output>
        </test-method> <!-- setup -->
        <test-method status="PASS" signature="GetDrivesDetailsById()[pri:0, instance:testcases.TestDeviceDetail@f6efaab]" name="GetDrivesDetailsById" duration-ms="90" started-at="2020-08-06T14:07:11Z" finished-at="2020-08-06T14:07:11Z">
          <reporter-output>
          </reporter-output>
        </test-method> <!-- GetDrivesDetailsById -->
        <test-method status="PASS" signature="closeResources()[pri:0, instance:testcases.TestDeviceDetail@f6efaab]" name="closeResources" is-config="true" duration-ms="1" started-at="2020-08-06T14:07:11Z" finished-at="2020-08-06T14:07:11Z">
          <reporter-output>
          </reporter-output>
        </test-method> <!-- closeResources -->
        <test-method status="PASS" signature="setup()[pri:0, instance:testcases.TestDeviceDetail@f6efaab]" name="setup" is-config="true" duration-ms="5" started-at="2020-08-06T14:07:11Z" finished-at="2020-08-06T14:07:11Z">
          <reporter-output>
          </reporter-output>
        </test-method> <!-- setup -->
        <test-method status="PASS" signature="GetGeneralDetailsById()[pri:0, instance:testcases.TestDeviceDetail@f6efaab]" name="GetGeneralDetailsById" duration-ms="90" started-at="2020-08-06T14:07:11Z" finished-at="2020-08-06T14:07:12Z">
          <reporter-output>
          </reporter-output>
        </test-method> <!-- GetGeneralDetailsById -->
        <test-method status="PASS" signature="closeResources()[pri:0, instance:testcases.TestDeviceDetail@f6efaab]" name="closeResources" is-config="true" duration-ms="1" started-at="2020-08-06T14:07:12Z" finished-at="2020-08-06T14:07:12Z">
          <reporter-output>
          </reporter-output>
        </test-method> <!-- closeResources -->
        <test-method status="PASS" signature="setup()[pri:0, instance:testcases.TestDeviceDetail@f6efaab]" name="setup" is-config="true" duration-ms="4" started-at="2020-08-06T14:07:12Z" finished-at="2020-08-06T14:07:12Z">
          <reporter-output>
          </reporter-output>
        </test-method> <!-- setup -->
        <test-method status="PASS" signature="GetInstalledSoftwareDetailsById()[pri:0, instance:testcases.TestDeviceDetail@f6efaab]" name="GetInstalledSoftwareDetailsById" duration-ms="86" started-at="2020-08-06T14:07:12Z" finished-at="2020-08-06T14:07:12Z">
          <reporter-output>
          </reporter-output>
        </test-method> <!-- GetInstalledSoftwareDetailsById -->
        <test-method status="PASS" signature="closeResources()[pri:0, instance:testcases.TestDeviceDetail@f6efaab]" name="closeResources" is-config="true" duration-ms="0" started-at="2020-08-06T14:07:12Z" finished-at="2020-08-06T14:07:12Z">
          <reporter-output>
          </reporter-output>
        </test-method> <!-- closeResources -->
        <test-method status="PASS" signature="setup()[pri:0, instance:testcases.TestDeviceDetail@f6efaab]" name="setup" is-config="true" duration-ms="4" started-at="2020-08-06T14:07:12Z" finished-at="2020-08-06T14:07:12Z">
          <reporter-output>
          </reporter-output>
        </test-method> <!-- setup -->
        <test-method status="PASS" signature="GetLoadBalancerRulesForDevice()[pri:0, instance:testcases.TestDeviceDetail@f6efaab]" name="GetLoadBalancerRulesForDevice" duration-ms="73" started-at="2020-08-06T14:07:12Z" finished-at="2020-08-06T14:07:12Z">
          <reporter-output>
          </reporter-output>
        </test-method> <!-- GetLoadBalancerRulesForDevice -->
        <test-method status="PASS" signature="closeResources()[pri:0, instance:testcases.TestDeviceDetail@f6efaab]" name="closeResources" is-config="true" duration-ms="0" started-at="2020-08-06T14:07:12Z" finished-at="2020-08-06T14:07:12Z">
          <reporter-output>
          </reporter-output>
        </test-method> <!-- closeResources -->
        <test-method status="PASS" signature="setup()[pri:0, instance:testcases.TestDeviceDetail@f6efaab]" name="setup" is-config="true" duration-ms="3" started-at="2020-08-06T14:07:12Z" finished-at="2020-08-06T14:07:12Z">
          <reporter-output>
          </reporter-output>
        </test-method> <!-- setup -->
        <test-method status="PASS" signature="GetNetworkInterfacesDetailsById()[pri:0, instance:testcases.TestDeviceDetail@f6efaab]" name="GetNetworkInterfacesDetailsById" duration-ms="82" started-at="2020-08-06T14:07:12Z" finished-at="2020-08-06T14:07:12Z">
          <reporter-output>
          </reporter-output>
        </test-method> <!-- GetNetworkInterfacesDetailsById -->
        <test-method status="PASS" signature="closeResources()[pri:0, instance:testcases.TestDeviceDetail@f6efaab]" name="closeResources" is-config="true" duration-ms="0" started-at="2020-08-06T14:07:12Z" finished-at="2020-08-06T14:07:12Z">
[...]
          </reporter-output>
        </test-method> <!-- GetUserModules -->
        <test-method status="PASS" signature="closeResources()[pri:0, instance:testcases.TestUserManagement@2a3b5b47]" name="closeResources" is-config="true" duration-ms="1" started-at="2020-08-06T14:07:26Z" finished-at="2020-08-06T14:07:26Z">
          <reporter-output>
          </reporter-output>
        </test-method> <!-- closeResources -->
        <test-method status="PASS" signature="setup()[pri:0, instance:testcases.TestUserManagement@2a3b5b47]" name="setup" is-config="true" duration-ms="2" started-at="2020-08-06T14:07:26Z" finished-at="2020-08-06T14:07:26Z">
          <reporter-output>
          </reporter-output>
        </test-method> <!-- setup -->
        <test-method status="PASS" signature="PostCreateRole()[pri:0, instance:testcases.TestUserManagement@2a3b5b47]" name="PostCreateRole" duration-ms="77" started-at="2020-08-06T14:07:26Z" finished-at="2020-08-06T14:07:26Z">
          <reporter-output>
          </reporter-output>
        </test-method> <!-- PostCreateRole -->
        <test-method status="PASS" signature="closeResources()[pri:0, instance:testcases.TestUserManagement@2a3b5b47]" name="closeResources" is-config="true" duration-ms="0" started-at="2020-08-06T14:07:26Z" finished-at="2020-08-06T14:07:26Z">
          <reporter-output>
          </reporter-output>
        </test-method> <!-- closeResources -->
        <test-method status="PASS" signature="setup()[pri:0, instance:testcases.TestUserManagement@2a3b5b47]" name="setup" is-config="true" duration-ms="2" started-at="2020-08-06T14:07:26Z" finished-at="2020-08-06T14:07:26Z">
          <reporter-output>
          </reporter-output>
        </test-method> <!-- setup -->
        <test-method status="PASS" signature="PostCreateRoleNew()[pri:0, instance:testcases.TestUserManagement@2a3b5b47]" name="PostCreateRoleNew" duration-ms="111" started-at="2020-08-06T14:07:26Z" finished-at="2020-08-06T14:07:26Z">
          <reporter-output>
          </reporter-output>
        </test-method> <!-- PostCreateRoleNew -->
        <test-method status="PASS" signature="setup()[pri:0, instance:testcases.TestUserManagement@2a3b5b47]" name="setup" is-config="true" duration-ms="2" started-at="2020-08-06T14:07:26Z" finished-at="2020-08-06T14:07:26Z">
          <reporter-output>
          </reporter-output>
        </test-method> <!-- setup -->
        <test-method status="PASS" signature="closeResources()[pri:0, instance:testcases.TestUserManagement@2a3b5b47]" name="closeResources" is-config="true" duration-ms="0" started-at="2020-08-06T14:07:26Z" finished-at="2020-08-06T14:07:26Z">
          <reporter-output>
          </reporter-output>
        </test-method> <!-- closeResources -->
        <test-method status="PASS" signature="PostCreateUser()[pri:0, instance:testcases.TestUserManagement@2a3b5b47]" name="PostCreateUser" duration-ms="237" started-at="2020-08-06T14:07:26Z" finished-at="2020-08-06T14:07:26Z">
          <reporter-output>
          </reporter-output>
        </test-method> <!-- PostCreateUser -->
        <test-method status="PASS" signature="closeResources()[pri:0, instance:testcases.TestUserManagement@2a3b5b47]" name="closeResources" is-config="true" duration-ms="0" started-at="2020-08-06T14:07:26Z" finished-at="2020-08-06T14:07:26Z">
          <reporter-output>
          </reporter-output>
        </test-method> <!-- closeResources -->
        <test-method status="PASS" signature="setup()[pri:0, instance:testcases.TestUserManagement@2a3b5b47]" name="setup" is-config="true" duration-ms="2" started-at="2020-08-06T14:07:26Z" finished-at="2020-08-06T14:07:26Z">
          <reporter-output>
          </reporter-output>
        </test-method> <!-- setup -->
        <test-method status="FAIL" signature="PostCreateUserNew()[pri:0, instance:testcases.TestUserManagement@2a3b5b47]" name="PostCreateUserNew" duration-ms="105" started-at="2020-08-06T14:07:26Z" finished-at="2020-08-06T14:07:27Z">
          <exception class="java.lang.AssertionError">
            <message>
              <![CDATA[
Expected: <200>
     but: was <400>]]>
            </message>
            <full-stacktrace>
              <![CDATA[java.lang.AssertionError: 
Expected: <200>
     but: was <400>
at org.hamcrest.MatcherAssert.assertThat(MatcherAssert.java:20)
at org.hamcrest.MatcherAssert.assertThat(MatcherAssert.java:8)
at testcases.TestUserManagement.PostCreateUserNew(TestUserManagement.java:322)
at sun.reflect.NativeMethodAccessorImpl.invoke0(Native Method)
at sun.reflect.NativeMethodAccessorImpl.invoke(NativeMethodAccessorImpl.java:62)
at sun.reflect.DelegatingMethodAccessorImpl.invoke(DelegatingMethodAccessorImpl.java:43)
at java.lang.reflect.Method.invoke(Method.java:498)
at org.testng.internal.MethodInvocationHelper.invokeMethod(MethodInvocationHelper.java:124)
at org.testng.internal.Invoker.invokeMethod(Invoker.java:583)
at org.testng.internal.Invoker.invokeTestMethod(Invoker.java:719)
at org.testng.internal.Invoker.invokeTestMethods(Invoker.java:989)
at org.testng.internal.TestMethodWorker.invokeTestMethods(TestMethodWorker.java:125)
at org.testng.internal.TestMethodWorker.run(TestMethodWorker.java:109)
at org.testng.TestRunner.privateRun(TestRunner.java:648)
at org.testng.TestRunner.run(TestRunner.java:505)
at org.testng.SuiteRunner.runTest(SuiteRunner.java:455)
at org.testng.SuiteRunner.runSequentially(SuiteRunner.java:450)
at org.testng.SuiteRunner.privateRun(SuiteRunner.java:415)
at org.testng.SuiteRunner.run(SuiteRunner.java:364)
at org.testng.SuiteRunnerWorker.runSuite(SuiteRunnerWorker.java:52)
at org.testng.SuiteRunnerWorker.run(SuiteRunnerWorker.java:84)
at org.testng.TestNG.runSuitesSequentially(TestNG.java:1208)
at org.testng.TestNG.runSuitesLocally(TestNG.java:1137)
at org.testng.TestNG.runSuites(TestNG.java:1049)
at org.testng.TestNG.run(TestNG.java:1017)
at org.apache.maven.surefire.testng.TestNGExecutor.run(TestNGExecutor.java:77)
at org.apache.maven.surefire.testng.TestNGDirectoryTestSuite.executeMulti(TestNGDirectoryTestSuite.java:159)
at org.apache.maven.surefire.testng.TestNGDirectoryTestSuite.execute(TestNGDirectoryTestSuite.java:99)
at org.apache.maven.surefire.testng.TestNGProvider.invoke(TestNGProvider.java:106)
at sun.reflect.NativeMethodAccessorImpl.invoke0(Native Method)
at sun.reflect.NativeMethodAccessorImpl.invoke(NativeMethodAccessorImpl.java:62)
at sun.reflect.DelegatingMethodAccessorImpl.invoke(DelegatingMethodAccessorImpl.java:43)
at java.lang.reflect.Method.invoke(Method.java:498)
at org.apache.maven.surefire.util.ReflectionUtils.invokeMethodWithArray(ReflectionUtils.java:189)
at org.apache.maven.surefire.booter.ProviderFactory$ProviderProxy.invoke(ProviderFactory.java:165)
at org.apache.maven.surefire.booter.ProviderFactory.invokeProvider(ProviderFactory.java:85)
at org.apache.maven.surefire.booter.ForkedBooter.runSuitesInProcess(ForkedBooter.java:115)
at org.apache.maven.surefire.booter.ForkedBooter.main(ForkedBooter.java:75)
]]>
            </full-stacktrace>
          </exception> <!-- java.lang.AssertionError -->
          <reporter-output>
          </reporter-output>
        </test-method> <!-- PostCreateUserNew -->
        <test-method status="PASS" signature="closeResources()[pri:0, instance:testcases.TestUserManagement@2a3b5b47]" name="closeResources" is-config="true" duration-ms="1" started-at="2020-08-06T14:07:27Z" finished-at="2020-08-06T14:07:27Z">
          <reporter-output>
          </reporter-output>
        </test-method> <!-- closeResources -->
        <test-method status="PASS" signature="setup()[pri:0, instance:testcases.TestUserManagement@2a3b5b47]" name="setup" is-config="true" duration-ms="2" started-at="2020-08-06T14:07:27Z" finished-at="2020-08-06T14:07:27Z">
          <reporter-output>
          </reporter-output>
        </test-method> <!-- setup -->
        <test-method status="PASS" signature="PostLogin()[pri:0, instance:testcases.TestUserManagement@2a3b5b47]" name="PostLogin" duration-ms="157" started-at="2020-08-06T14:07:27Z" finished-at="2020-08-06T14:07:27Z">
          <reporter-output>
          </reporter-output>
        </test-method> <!-- PostLogin -->
        <test-method status="PASS" signature="closeResources()[pri:0, instance:testcases.TestUserManagement@2a3b5b47]" name="closeResources" is-config="true" duration-ms="0" started-at="2020-08-06T14:07:27Z" finished-at="2020-08-06T14:07:27Z">
          <reporter-output>
          </reporter-output>
        </test-method> <!-- closeResources -->
        <test-method status="PASS" signature="setup()[pri:0, instance:testcases.TestUserManagement@2a3b5b47]" name="setup" is-config="true" duration-ms="3" started-at="2020-08-06T14:07:27Z" finished-at="2020-08-06T14:07:27Z">
          <reporter-output>
          </reporter-output>
        </test-method> <!-- setup -->
        <test-method status="PASS" signature="PostLoginNew()[pri:0, instance:testcases.TestUserManagement@2a3b5b47]" name="PostLoginNew" duration-ms="210" started-at="2020-08-06T14:07:27Z" finished-at="2020-08-06T14:07:27Z">
          <reporter-output>
          </reporter-output>
        </test-method> <!-- PostLoginNew -->
        <test-method status="PASS" signature="closeResources()[pri:0, instance:testcases.TestUserManagement@2a3b5b47]" name="closeResources" is-config="true" duration-ms="0" started-at="2020-08-06T14:07:27Z" finished-at="2020-08-06T14:07:27Z">
          <reporter-output>
          </reporter-output>
        </test-method> <!-- closeResources -->
        <test-method status="PASS" signature="setup()[pri:0, instance:testcases.TestUserManagement@2a3b5b47]" name="setup" is-config="true" duration-ms="5" started-at="2020-08-06T14:07:27Z" finished-at="2020-08-06T14:07:27Z">
          <reporter-output>
          </reporter-output>
        </test-method> <!-- setup -->
        <test-method status="PASS" signature="PutUpdateRole()[pri:0, instance:testcases.TestUserManagement@2a3b5b47]" name="PutUpdateRole" duration-ms="93" started-at="2020-08-06T14:07:27Z" finished-at="2020-08-06T14:07:27Z">
          <reporter-output>
          </reporter-output>
        </test-method> <!-- PutUpdateRole -->
        <test-method status="PASS" signature="closeResources()[pri:0, instance:testcases.TestUserManagement@2a3b5b47]" name="closeResources" is-config="true" duration-ms="2" started-at="2020-08-06T14:07:27Z" finished-at="2020-08-06T14:07:27Z">
          <reporter-output>
          </reporter-output>
        </test-method> <!-- closeResources -->
        <test-method status="PASS" signature="setup()[pri:0, instance:testcases.TestUserManagement@2a3b5b47]" name="setup" is-config="true" duration-ms="6" started-at="2020-08-06T14:07:27Z" finished-at="2020-08-06T14:07:27Z">
          <reporter-output>
          </reporter-output>
        </test-method> <!-- setup -->
        <test-method status="PASS" signature="PutUpdateRoleNew()[pri:0, instance:testcases.TestUserManagement@2a3b5b47]" name="PutUpdateRoleNew" duration-ms="152" started-at="2020-08-06T14:07:27Z" finished-at="2020-08-06T14:07:27Z">
          <reporter-output>
          </reporter-output>
        </test-method> <!-- PutUpdateRoleNew -->
        <test-method status="PASS" signature="closeResources()[pri:0, instance:testcases.TestUserManagement@2a3b5b47]" name="closeResources" is-config="true" duration-ms="0" started-at="2020-08-06T14:07:27Z" finished-at="2020-08-06T14:07:27Z">
          <reporter-output>
          </reporter-output>
        </test-method> <!-- closeResources -->
      </class> <!-- testcases.TestUserManagement -->
      <class name="testcases.TestLDAP">
        <test-method status="PASS" signature="setup()[pri:0, instance:testcases.TestLDAP@3349e9bb]" name="setup" is-config="true" duration-ms="3" started-at="2020-08-06T14:07:17Z" finished-at="2020-08-06T14:07:17Z">
          <reporter-output>
          </reporter-output>
        </test-method> <!-- setup -->
        <test-method status="PASS" signature="GetLDAPConfiguration()[pri:0, instance:testcases.TestLDAP@3349e9bb]" name="GetLDAPConfiguration" duration-ms="87" started-at="2020-08-06T14:07:17Z" finished-at="2020-08-06T14:07:17Z">
          <reporter-output>
          </reporter-output>
        </test-method> <!-- GetLDAPConfiguration -->
        <test-method status="PASS" signature="closeResources()[pri:0, instance:testcases.TestLDAP@3349e9bb]" name="closeResources" is-config="true" duration-ms="1" started-at="2020-08-06T14:07:17Z" finished-at="2020-08-06T14:07:17Z">
          <reporter-output>
          </reporter-output>
        </test-method> <!-- closeResources -->
        <test-method status="PASS" signature="setup()[pri:0, instance:testcases.TestLDAP@3349e9bb]" name="setup" is-config="true" duration-ms="6" started-at="2020-08-06T14:07:17Z" finished-at="2020-08-06T14:07:17Z">
          <reporter-output>
          </reporter-output>
        </test-method> <!-- setup -->
        <test-method status="PASS" signature="PostADLogin()[pri:0, instance:testcases.TestLDAP@3349e9bb]" name="PostADLogin" duration-ms="179" started-at="2020-08-06T14:07:17Z" finished-at="2020-08-06T14:07:17Z">
          <reporter-output>
          </reporter-output>
        </test-method> <!-- PostADLogin -->
        <test-method status="PASS" signature="setup()[pri:0, instance:testcases.TestLDAP@3349e9bb]" name="setup" is-config="true" duration-ms="3" started-at="2020-08-06T14:07:17Z" finished-at="2020-08-06T14:07:17Z">
          <reporter-output>
          </reporter-output>
        </test-method> <!-- setup -->
        <test-method status="PASS" signature="closeResources()[pri:0, instance:testcases.TestLDAP@3349e9bb]" name="closeResources" is-config="true" duration-ms="0" started-at="2020-08-06T14:07:17Z" finished-at="2020-08-06T14:07:17Z">
          <reporter-output>
          </reporter-output>
        </test-method> <!-- closeResources -->
        <test-method status="PASS" signature="PostADLoginNew()[pri:0, instance:testcases.TestLDAP@3349e9bb]" name="PostADLoginNew" duration-ms="231" started-at="2020-08-06T14:07:17Z" finished-at="2020-08-06T14:07:17Z">
          <reporter-output>
          </reporter-output>
        </test-method> <!-- PostADLoginNew -->
        <test-method status="PASS" signature="closeResources()[pri:0, instance:testcases.TestLDAP@3349e9bb]" name="closeResources" is-config="true" duration-ms="1" started-at="2020-08-06T14:07:17Z" finished-at="2020-08-06T14:07:17Z">
          <reporter-output>
          </reporter-output>
        </test-method> <!-- closeResources -->
        <test-method status="PASS" signature="setup()[pri:0, instance:testcases.TestLDAP@3349e9bb]" name="setup" is-config="true" duration-ms="4" started-at="2020-08-06T14:07:17Z" finished-at="2020-08-06T14:07:17Z">
          <reporter-output>
          </reporter-output>
        </test-method> <!-- setup -->
        <test-method status="PASS" signature="PostConfigureLDAP()[pri:0, instance:testcases.TestLDAP@3349e9bb]" name="PostConfigureLDAP" duration-ms="178" started-at="2020-08-06T14:07:17Z" finished-at="2020-08-06T14:07:17Z">
          <reporter-output>
          </reporter-output>
        </test-method> <!-- PostConfigureLDAP -->
        <test-method status="PASS" signature="closeResources()[pri:0, instance:testcases.TestLDAP@3349e9bb]" name="closeResources" is-config="true" duration-ms="1" started-at="2020-08-06T14:07:17Z" finished-at="2020-08-06T14:07:17Z">
          <reporter-output>
          </reporter-output>
        </test-method> <!-- closeResources -->
      </class> <!-- testcases.TestLDAP -->
      <class name="testcases.TestAdapterConfiguration">
        <test-method status="PASS" signature="setup()[pri:0, instance:testcases.TestAdapterConfiguration@1283bb96]" name="setup" is-config="true" duration-ms="222" started-at="2020-08-06T14:07:07Z" finished-at="2020-08-06T14:07:07Z">
          <reporter-output>
          </reporter-output>
        </test-method> <!-- setup -->
        <test-method status="PASS" signature="GetADAdapterConfiguration()[pri:0, instance:testcases.TestAdapterConfiguration@1283bb96]" name="GetADAdapterConfiguration" duration-ms="245" started-at="2020-08-06T14:07:07Z" finished-at="2020-08-06T14:07:07Z">
          <reporter-output>
          </reporter-output>
        </test-method> <!-- GetADAdapterConfiguration -->
        <test-method status="PASS" signature="closeResources()[pri:0, instance:testcases.TestAdapterConfiguration@1283bb96]" name="closeResources" is-config="true" duration-ms="4" started-at="2020-08-06T14:07:07Z" finished-at="2020-08-06T14:07:07Z">
          <reporter-output>
          </reporter-output>
        </test-method> <!-- closeResources -->
        <test-method status="PASS" signature="setup()[pri:0, instance:testcases.TestAdapterConfiguration@1283bb96]" name="setup" is-config="true" duration-ms="8" started-at="2020-08-06T14:07:07Z" finished-at="2020-08-06T14:07:07Z">
          <reporter-output>
          </reporter-output>
        </test-method> <!-- setup -->
        <test-method status="PASS" signature="GetAWSAdapterConfiguration()[pri:0, instance:testcases.TestAdapterConfiguration@1283bb96]" name="GetAWSAdapterConfiguration" duration-ms="100" started-at="2020-08-06T14:07:07Z" finished-at="2020-08-06T14:07:07Z">
          <reporter-output>
          </reporter-output>
        </test-method> <!-- GetAWSAdapterConfiguration -->
        <test-method status="PASS" signature="closeResources()[pri:0, instance:testcases.TestAdapterConfiguration@1283bb96]" name="closeResources" is-config="true" duration-ms="1" started-at="2020-08-06T14:07:07Z" finished-at="2020-08-06T14:07:07Z">
          <reporter-output>
          </reporter-output>
        </test-method> <!-- closeResources -->
        <test-method status="PASS" signature="setup()[pri:0, instance:testcases.TestAdapterConfiguration@1283bb96]" name="setup" is-config="true" duration-ms="5" started-at="2020-08-06T14:07:07Z" finished-at="2020-08-06T14:07:07Z">
          <reporter-output>
          </reporter-output>
        </test-method> <!-- setup -->
        <test-method status="PASS" signature="GetAZUREAdapterConfiguration()[pri:0, instance:testcases.TestAdapterConfiguration@1283bb96]" name="GetAZUREAdapterConfiguration" duration-ms="1127" started-at="2020-08-06T14:07:07Z" finished-at="2020-08-06T14:07:09Z">
          <reporter-output>
          </reporter-output>
        </test-method> <!-- GetAZUREAdapterConfiguration -->
        <test-method status="PASS" signature="closeResources()[pri:0, instance:testcases.TestAdapterConfiguration@1283bb96]" name="closeResources" is-config="true" duration-ms="1" started-at="2020-08-06T14:07:09Z" finished-at="2020-08-06T14:07:09Z">
          <reporter-output>
          </reporter-output>
        </test-method> <!-- closeResources -->
        <test-method status="PASS" signature="setup()[pri:0, instance:testcases.TestAdapterConfiguration@1283bb96]" name="setup" is-config="true" duration-ms="4" started-at="2020-08-06T14:07:09Z" finished-at="2020-08-06T14:07:09Z">
          <reporter-output>
          </reporter-output>
        </test-method> <!-- setup -->
        <test-method status="PASS" signature="GetAllAdapters()[pri:0, instance:testcases.TestAdapterConfiguration@1283bb96]" name="GetAllAdapters" duration-ms="77" started-at="2020-08-06T14:07:09Z" finished-at="2020-08-06T14:07:09Z">
          <reporter-output>
          </reporter-output>
        </test-method> <!-- GetAllAdapters -->
        <test-method status="PASS" signature="closeResources()[pri:0, instance:testcases.TestAdapterConfiguration@1283bb96]" name="closeResources" is-config="true" duration-ms="0" started-at="2020-08-06T14:07:09Z" finished-at="2020-08-06T14:07:09Z">
          <reporter-output>
          </reporter-output>
        </test-method> <!-- closeResources -->
      </class> <!-- testcases.TestAdapterConfiguration -->
    </test> <!-- Command line test -->
  </suite> <!-- Command line suite -->
</testng-results>
